01/03/2022 11:55:13 init
01/03/2022 11:55:13 cuda:0
01/03/2022 11:55:17 k : 80
01/03/2022 11:55:17 TEST
01/03/2022 11:55:20 nb_conflict : 0.0
01/03/2022 11:55:20 score : 889.0
01/03/2022 11:55:20 nb_uncolored : 0
01/03/2022 11:55:20 score test : 889.0
01/03/2022 11:55:20 nb_conflict test : 0.0
01/03/2022 11:55:38 ############################
01/03/2022 11:55:38 Start TABU
01/03/2022 11:55:38 ############################
01/03/2022 11:55:38 iter tabu : 0
01/03/2022 11:55:38 stats phi
01/03/2022 11:55:38 min 1.5
01/03/2022 11:55:38 mean 1.5
01/03/2022 11:55:38 max 1.5
01/03/2022 11:55:41 vect_score [889. 886. 903. 854. 883.]
01/03/2022 11:55:41 vect_conflicts [0. 0. 0. 0. 0.]
01/03/2022 11:55:41 iter tabu : 1
01/03/2022 11:55:41 stats phi
01/03/2022 11:55:41 min 0.75
01/03/2022 11:55:41 mean 0.75
01/03/2022 11:55:41 max 0.75
01/03/2022 11:55:41 add pending dealloc: cuMemFree_v2 20 bytes
01/03/2022 11:55:41 vect_score [883. 876. 896. 844. 873.]
01/03/2022 11:55:41 vect_conflicts [6. 9. 5. 7. 9.]
01/03/2022 11:55:41 iter tabu : 2
01/03/2022 11:55:42 stats phi
01/03/2022 11:55:42 min 1.5
01/03/2022 11:55:42 mean 1.5
01/03/2022 11:55:42 max 1.5
01/03/2022 11:55:42 add pending dealloc: cuMemFree_v2 20 bytes
01/03/2022 11:55:42 vect_score [889. 880. 899. 847. 880.]
01/03/2022 11:55:42 vect_conflicts [0. 4. 2. 4. 1.]
01/03/2022 11:55:42 iter tabu : 3
01/03/2022 11:55:42 stats phi
01/03/2022 11:55:42 min 0.75
01/03/2022 11:55:42 mean 2.549999952316284
01/03/2022 11:55:42 max 3.0
01/03/2022 11:55:42 add pending dealloc: cuMemFree_v2 20 bytes
01/03/2022 11:55:42 vect_score [883. 885. 901. 852. 882.]
01/03/2022 11:55:42 vect_conflicts [6. 1. 1. 1. 0.]
01/03/2022 11:55:42 iter tabu : 4
01/03/2022 11:55:42 stats phi
01/03/2022 11:55:42 min 1.5
01/03/2022 11:55:42 mean 4.199999809265137
01/03/2022 11:55:42 max 6.0
01/03/2022 11:55:42 add pending dealloc: cuMemFree_v2 20 bytes
01/03/2022 11:55:42 vect_score [889. 889. 901. 852. 880.]
01/03/2022 11:55:42 vect_conflicts [0. 0. 1. 1. 0.]
01/03/2022 11:55:42 iter tabu : 5
01/03/2022 11:55:42 stats phi
01/03/2022 11:55:42 min 0.75
01/03/2022 11:55:42 mean 5.699999809265137
01/03/2022 11:55:42 max 12.0
01/03/2022 11:55:42 add pending dealloc: cuMemFree_v2 20 bytes
01/03/2022 11:55:43 vect_score [883. 889. 912. 852. 870.]
01/03/2022 11:55:43 vect_conflicts [ 6.  0.  0.  1. 10.]
01/03/2022 11:55:43 iter tabu : 6
01/03/2022 11:55:43 stats phi
01/03/2022 11:55:43 min 1.5
01/03/2022 11:55:43 mean 6.900000095367432
01/03/2022 11:55:43 max 24.0
01/03/2022 11:55:43 add pending dealloc: cuMemFree_v2 20 bytes
01/03/2022 11:55:43 vect_score [889. 882. 901. 865. 874.]
01/03/2022 11:55:43 vect_conflicts [0. 2. 1. 0. 3.]
01/03/2022 11:55:43 iter tabu : 7
01/03/2022 11:55:43 stats phi
01/03/2022 11:55:43 min 0.75
01/03/2022 11:55:43 mean 6.150000095367432
01/03/2022 11:55:43 max 12.0
01/03/2022 11:55:43 add pending dealloc: cuMemFree_v2 20 bytes
01/03/2022 11:55:43 vect_score [883. 884. 912. 852. 874.]
01/03/2022 11:55:43 vect_conflicts [6. 1. 0. 1. 3.]
01/03/2022 11:55:43 iter tabu : 8
01/03/2022 11:55:43 stats phi
01/03/2022 11:55:43 min 1.5
01/03/2022 11:55:43 mean 8.699999809265137
01/03/2022 11:55:43 max 24.0
01/03/2022 11:55:43 add pending dealloc: cuMemFree_v2 20 bytes
01/03/2022 11:55:44 vect_score [889. 889. 901. 865. 883.]
01/03/2022 11:55:44 vect_conflicts [0. 0. 1. 0. 0.]
01/03/2022 11:55:44 iter tabu : 9
01/03/2022 11:55:44 stats phi
01/03/2022 11:55:44 min 0.75
01/03/2022 11:55:44 mean 6.150000095367432
01/03/2022 11:55:44 max 12.0
01/03/2022 11:55:44 add pending dealloc: cuMemFree_v2 20 bytes
01/03/2022 11:55:44 vect_score [889. 889. 912. 865. 883.]
01/03/2022 11:55:44 vect_conflicts [0. 0. 0. 0. 0.]
01/03/2022 11:55:44 Tabucol duration : 5.717876672744751
01/03/2022 11:55:44 Epoch : 0
01/03/2022 11:55:44 Pop best : 854_worst : 903_avg : 882.4
01/03/2022 11:55:44 end tabu
01/03/2022 11:55:44 ############################
01/03/2022 11:55:44 Results TabuCol
01/03/2022 11:55:44 ############################
01/03/2022 11:55:44 Save best solution
01/03/2022 11:55:44 Keep best with diversity/fit tradeoff
01/03/2022 11:55:44 start matrix distance
01/03/2022 11:55:44 add pending dealloc: cuMemFree_v2 10000 bytes
01/03/2022 11:55:45 Matrix distance duration : 0.780097246170044
01/03/2022 11:55:45 add pending dealloc: cuMemFree_v2 10000 bytes
01/03/2022 11:55:45 dealloc: cuMemFree_v2 20 bytes
01/03/2022 11:55:45 dealloc: cuMemFree_v2 20 bytes
01/03/2022 11:55:45 dealloc: cuMemFree_v2 20 bytes
01/03/2022 11:55:45 dealloc: cuMemFree_v2 20 bytes
01/03/2022 11:55:45 dealloc: cuMemFree_v2 20 bytes
01/03/2022 11:55:45 dealloc: cuMemFree_v2 20 bytes
01/03/2022 11:55:45 dealloc: cuMemFree_v2 20 bytes
01/03/2022 11:55:45 dealloc: cuMemFree_v2 20 bytes
01/03/2022 11:55:45 dealloc: cuMemFree_v2 20 bytes
01/03/2022 11:55:45 dealloc: cuMemFree_v2 10000 bytes
01/03/2022 11:55:45 dealloc: cuMemFree_v2 10000 bytes
01/03/2022 11:55:45 end  matrix distance
01/03/2022 11:55:45 start insertion in pop
01/03/2022 11:55:45 len(idx_selected) 5
01/03/2022 11:55:45 Nb insertion 5
01/03/2022 11:55:45 Insertion in pop : 0.004836082458496094
01/03/2022 11:55:45 end insertion in pop
01/03/2022 11:55:45 After keep best info
01/03/2022 11:55:45 Pop _best : 854_worst : 903_avg : 882.4
01/03/2022 11:55:45 [854 880 886 889 903]
01/03/2022 11:55:45 Avg dist : 354.1 min dist : 345.0 max dist : 363
01/03/2022 11:55:45 ############################
01/03/2022 11:55:45 start crossover
01/03/2022 11:55:45 ############################
01/03/2022 11:55:45 Train neural network
01/03/2022 11:55:45 len(trainExamples) 5
01/03/2022 11:55:47 start crossover
01/03/2022 11:55:48 add pending dealloc: cuMemFree_v2 40 bytes
01/03/2022 11:55:48 add pending dealloc: cuMemFree_v2 40 bytes
01/03/2022 11:55:48 best_expected_fit
01/03/2022 11:55:48 12.962486267089844
01/03/2022 11:55:48 12.97518539428711
01/03/2022 11:55:48 12.96927089691162
01/03/2022 11:55:48 nb cross already tested in pop : 5
01/03/2022 11:55:48 Crossover duration : 0.9411194324493408
01/03/2022 11:55:48 end crossover
01/03/2022 11:55:48 generation duration : 9.838547229766846
01/03/2022 11:55:48 ############################
01/03/2022 11:55:48 Start TABU
01/03/2022 11:55:48 ############################
01/03/2022 11:55:48 iter tabu : 0
01/03/2022 11:55:48 stats phi
01/03/2022 11:55:48 min 0.375
01/03/2022 11:55:48 mean 3.075000047683716
01/03/2022 11:55:48 max 6.0
01/03/2022 11:55:48 add pending dealloc: cuMemFree_v2 20 bytes
01/03/2022 11:55:48 vect_score [ 938.  972. 1017. 1023.  972.]
01/03/2022 11:55:48 vect_conflicts [76. 48. 49. 75. 69.]
01/03/2022 11:55:48 iter tabu : 1
01/03/2022 11:55:48 stats phi
01/03/2022 11:55:48 min 0.75
01/03/2022 11:55:48 mean 6.150000095367432
01/03/2022 11:55:48 max 12.0
01/03/2022 11:55:48 add pending dealloc: cuMemFree_v2 20 bytes
01/03/2022 11:55:49 vect_score [ 938.  968. 1011. 1022.  967.]
01/03/2022 11:55:49 vect_conflicts [38. 20. 21. 40. 31.]
01/03/2022 11:55:49 iter tabu : 2
01/03/2022 11:55:49 stats phi
01/03/2022 11:55:49 min 1.5
01/03/2022 11:55:49 mean 12.300000190734863
01/03/2022 11:55:49 max 24.0
01/03/2022 11:55:49 add pending dealloc: cuMemFree_v2 20 bytes
01/03/2022 11:55:49 vect_score [ 939.  972. 1012. 1006.  974.]
01/03/2022 11:55:49 vect_conflicts [14.  4.  5. 22.  7.]
01/03/2022 11:55:49 iter tabu : 3
01/03/2022 11:55:49 stats phi
01/03/2022 11:55:49 min 3.0
01/03/2022 11:55:49 mean 24.600000381469727
01/03/2022 11:55:49 max 48.0
01/03/2022 11:55:49 add pending dealloc: cuMemFree_v2 20 bytes
01/03/2022 11:55:49 vect_score [ 940.  967. 1015. 1006.  976.]
01/03/2022 11:55:49 vect_conflicts [ 5.  1.  1. 12.  0.]
01/03/2022 11:55:49 iter tabu : 4
01/03/2022 11:55:49 stats phi
01/03/2022 11:55:49 min 6.0
01/03/2022 11:55:49 mean 45.599998474121094
01/03/2022 11:55:49 max 96.0
01/03/2022 11:55:49 add pending dealloc: cuMemFree_v2 20 bytes
01/03/2022 11:55:50 vect_score [ 943.  981. 1010. 1024.  962.]
01/03/2022 11:55:50 vect_conflicts [2. 0. 1. 2. 0.]
01/03/2022 11:55:50 iter tabu : 5
01/03/2022 11:55:50 stats phi
01/03/2022 11:55:50 min 3.0
01/03/2022 11:55:50 mean 82.19999694824219
01/03/2022 11:55:50 max 192.0
01/03/2022 11:55:50 add pending dealloc: cuMemFree_v2 20 bytes
01/03/2022 11:55:50 vect_score [ 951.  979. 1009. 1017.  957.]
01/03/2022 11:55:50 vect_conflicts [0. 0. 1. 0. 1.]
01/03/2022 11:55:50 iter tabu : 6
01/03/2022 11:55:50 stats phi
01/03/2022 11:55:50 min 6.0
01/03/2022 11:55:50 mean 99.5999984741211
01/03/2022 11:55:50 max 384.0
01/03/2022 11:55:50 add pending dealloc: cuMemFree_v2 20 bytes
01/03/2022 11:55:50 vect_score [ 941.  971. 1008. 1001.  959.]
01/03/2022 11:55:50 vect_conflicts [1. 0. 1. 0. 0.]
01/03/2022 11:55:50 iter tabu : 7
01/03/2022 11:55:50 stats phi
01/03/2022 11:55:50 min 3.0
01/03/2022 11:55:50 mean 166.8000030517578
01/03/2022 11:55:50 max 768.0
01/03/2022 11:55:50 add pending dealloc: cuMemFree_v2 20 bytes
01/03/2022 11:55:50 vect_score [ 949.  971. 1008. 1000.  936.]
01/03/2022 11:55:50 vect_conflicts [0. 0. 1. 0. 3.]
01/03/2022 11:55:50 iter tabu : 8
01/03/2022 11:55:50 stats phi
01/03/2022 11:55:50 min 1.5
01/03/2022 11:55:50 mean 314.70001220703125
01/03/2022 11:55:50 max 1536.0
01/03/2022 11:55:50 add pending dealloc: cuMemFree_v2 20 bytes
01/03/2022 11:55:50 dealloc: cuMemFree_v2 40 bytes
01/03/2022 11:55:50 dealloc: cuMemFree_v2 40 bytes
01/03/2022 11:55:50 dealloc: cuMemFree_v2 20 bytes
01/03/2022 11:55:50 dealloc: cuMemFree_v2 20 bytes
01/03/2022 11:55:50 dealloc: cuMemFree_v2 20 bytes
01/03/2022 11:55:50 dealloc: cuMemFree_v2 20 bytes
01/03/2022 11:55:50 dealloc: cuMemFree_v2 20 bytes
01/03/2022 11:55:50 dealloc: cuMemFree_v2 20 bytes
01/03/2022 11:55:50 dealloc: cuMemFree_v2 20 bytes
01/03/2022 11:55:50 dealloc: cuMemFree_v2 20 bytes
01/03/2022 11:55:50 dealloc: cuMemFree_v2 20 bytes
01/03/2022 11:55:51 vect_score [ 939.  962. 1008. 1000.  944.]
01/03/2022 11:55:51 vect_conflicts [1. 0. 1. 0. 1.]
01/03/2022 11:55:51 iter tabu : 9
01/03/2022 11:55:51 stats phi
01/03/2022 11:55:51 min 0.75
01/03/2022 11:55:51 mean 621.75
01/03/2022 11:55:51 max 3072.0
01/03/2022 11:55:51 add pending dealloc: cuMemFree_v2 20 bytes
01/03/2022 11:55:51 add pending dealloc: cuMemFree_v2 20 bytes
01/03/2022 11:55:51 add pending dealloc: cuMemFree_v2 10000 bytes
01/03/2022 11:55:51 add pending dealloc: cuMemFree_v2 40 bytes
01/03/2022 11:55:51 add pending dealloc: module_unload ? bytes
01/03/2022 11:55:51 add pending dealloc: cuMemFree_v2 10000 bytes
01/03/2022 11:55:51 add pending dealloc: module_unload ? bytes
01/03/2022 11:55:51 add pending dealloc: module_unload ? bytes
01/03/2022 11:55:51 add pending dealloc: cuMemFree_v2 10000 bytes
01/03/2022 11:55:51 add pending dealloc: module_unload ? bytes
01/03/2022 11:55:51 add pending dealloc: module_unload ? bytes
01/03/2022 11:55:51 add pending dealloc: cuMemFree_v2 4000 bytes
01/03/2022 11:55:51 add pending dealloc: cuMemFree_v2 250000 bytes
01/03/2022 11:55:51 add pending dealloc: cuMemFree_v2 1024 bytes
01/03/2022 11:55:51 add pending dealloc: cuMemFree_v2 10000 bytes
01/03/2022 11:55:51 add pending dealloc: cuMemFree_v2 20 bytes
01/03/2022 11:55:51 dealloc: cuMemFree_v2 20 bytes
01/03/2022 11:55:51 dealloc: cuMemFree_v2 20 bytes
01/03/2022 11:55:51 dealloc: cuMemFree_v2 10000 bytes
01/03/2022 11:55:51 dealloc: cuMemFree_v2 40 bytes
01/03/2022 11:55:51 dealloc: cuMemFree_v2 10000 bytes
01/03/2022 11:55:51 dealloc: cuMemFree_v2 10000 bytes
01/03/2022 11:55:51 dealloc: cuMemFree_v2 4000 bytes
01/03/2022 11:55:51 dealloc: cuMemFree_v2 250000 bytes
01/03/2022 11:55:51 dealloc: cuMemFree_v2 1024 bytes
01/03/2022 11:55:51 dealloc: cuMemFree_v2 10000 bytes
01/03/2022 11:55:51 dealloc: cuMemFree_v2 20 bytes
01/03/2022 11:55:51 add pending dealloc: cuMemFree_v2 20 bytes
01/03/2022 11:55:51 add pending dealloc: cuMemFree_v2 50 bytes
01/03/2022 11:55:51 add pending dealloc: cuMemFree_v2 50 bytes
01/03/2022 11:55:51 add pending dealloc: cuMemFree_v2 20 bytes
