01/03/2022 05:37:00 init
01/03/2022 05:37:00 cuda:0
01/03/2022 05:37:04 k : 81
01/03/2022 05:37:10 nb_conflict : 0.0
01/03/2022 05:37:10 score : 889.0
01/03/2022 05:37:10 nb_uncolored : 0
01/03/2022 05:37:10 score test : 889.0
01/03/2022 05:37:10 nb_conflict test : 0.0
01/03/2022 05:37:22 ############################
01/03/2022 05:37:22 Start TABU
01/03/2022 05:37:22 ############################
01/03/2022 05:37:23 iter tabu : 0
01/03/2022 05:37:23 stats phi
01/03/2022 05:37:23 min 1.5
01/03/2022 05:37:23 mean 1.5
01/03/2022 05:37:23 max 1.5
01/03/2022 05:38:32 vect_score [716. 727. 715. ... 727. 733. 728.]
01/03/2022 05:38:32 vect_conflicts [30. 25. 26. ... 29. 20. 20.]
01/03/2022 05:38:32 iter tabu : 1
01/03/2022 05:38:32 stats phi
01/03/2022 05:38:32 min 3.0
01/03/2022 05:38:32 mean 3.0
01/03/2022 05:38:32 max 3.0
01/03/2022 05:38:32 add pending dealloc: cuMemFree_v2 81920 bytes
01/03/2022 05:39:38 vect_score [758. 775. 728. ... 794. 767. 774.]
01/03/2022 05:39:38 vect_conflicts [ 7.  0. 20. ...  1.  4.  0.]
01/03/2022 05:39:38 iter tabu : 2
01/03/2022 05:39:38 stats phi
01/03/2022 05:39:38 min 1.5
01/03/2022 05:39:38 mean 5.787304878234863
01/03/2022 05:39:38 max 6.0
01/03/2022 05:39:38 add pending dealloc: cuMemFree_v2 81920 bytes
01/03/2022 05:40:44 vect_score [775. 701. 793. ... 791. 787. 700.]
01/03/2022 05:40:44 vect_conflicts [ 1. 29.  2. ...  0.  0. 30.]
01/03/2022 05:40:44 iter tabu : 3
01/03/2022 05:40:44 stats phi
01/03/2022 05:40:44 min 3.0
01/03/2022 05:40:44 mean 7.234130859375
01/03/2022 05:40:44 max 12.0
01/03/2022 05:40:44 add pending dealloc: cuMemFree_v2 81920 bytes
01/03/2022 05:41:51 vect_score [771. 749. 803. ... 787. 774. 764.]
01/03/2022 05:41:51 vect_conflicts [1. 9. 0. ... 1. 3. 2.]
01/03/2022 05:41:51 iter tabu : 4
01/03/2022 05:41:51 stats phi
01/03/2022 05:41:51 min 1.5
01/03/2022 05:41:51 mean 6.503393650054932
01/03/2022 05:41:51 max 24.0
01/03/2022 05:41:51 add pending dealloc: cuMemFree_v2 81920 bytes
01/03/2022 05:42:57 vect_score [785. 791. 802. ... 791. 782. 763.]
01/03/2022 05:42:57 vect_conflicts [0. 0. 0. ... 0. 1. 0.]
01/03/2022 05:42:57 iter tabu : 5
01/03/2022 05:42:57 stats phi
01/03/2022 05:42:57 min 0.75
01/03/2022 05:42:57 mean 5.573767185211182
01/03/2022 05:42:57 max 12.0
01/03/2022 05:42:57 add pending dealloc: cuMemFree_v2 81920 bytes
01/03/2022 05:44:04 vect_score [783. 774. 780. ... 786. 791. 763.]
01/03/2022 05:44:04 vect_conflicts [0. 3. 3. ... 0. 0. 0.]
01/03/2022 05:44:04 iter tabu : 6
01/03/2022 05:44:04 stats phi
01/03/2022 05:44:04 min 1.5
01/03/2022 05:44:04 mean 5.558349609375
01/03/2022 05:44:04 max 24.0
01/03/2022 05:44:04 add pending dealloc: cuMemFree_v2 81920 bytes
01/03/2022 05:45:10 vect_score [775. 781. 787. ... 730. 780. 716.]
01/03/2022 05:45:10 vect_conflicts [ 1.  1.  1. ... 22.  1. 16.]
01/03/2022 05:45:10 iter tabu : 7
01/03/2022 05:45:10 stats phi
01/03/2022 05:45:10 min 0.75
01/03/2022 05:45:10 mean 5.817224025726318
01/03/2022 05:45:10 max 12.0
01/03/2022 05:45:10 add pending dealloc: cuMemFree_v2 81920 bytes
01/03/2022 05:46:17 vect_score [781. 789. 786. ... 758. 790. 716.]
01/03/2022 05:46:17 vect_conflicts [ 0.  0.  0. ...  8.  0. 15.]
01/03/2022 05:46:17 iter tabu : 8
01/03/2022 05:46:17 stats phi
01/03/2022 05:46:17 min 1.5
01/03/2022 05:46:17 mean 5.926611423492432
01/03/2022 05:46:17 max 24.0
01/03/2022 05:46:17 add pending dealloc: cuMemFree_v2 81920 bytes
01/03/2022 05:47:23 vect_score [780. 788. 783. ... 780. 779. 766.]
01/03/2022 05:47:23 vect_conflicts [0. 0. 0. ... 2. 1. 1.]
01/03/2022 05:47:23 iter tabu : 9
01/03/2022 05:47:23 stats phi
01/03/2022 05:47:23 min 3.0
01/03/2022 05:47:23 mean 6.073095798492432
01/03/2022 05:47:23 max 12.0
01/03/2022 05:47:23 add pending dealloc: cuMemFree_v2 81920 bytes
01/03/2022 05:48:30 vect_score [780. 786. 783. ... 792. 789. 777.]
01/03/2022 05:48:30 vect_conflicts [0. 0. 0. ... 0. 0. 0.]
01/03/2022 05:48:30 Tabucol duration : 667.2850093841553
01/03/2022 05:48:30 Epoch : 0
01/03/2022 05:48:30 Pop best : 747_worst : 808_avg : 781.430615234375
01/03/2022 05:48:30 end tabu
01/03/2022 05:48:30 ############################
01/03/2022 05:48:30 Results TabuCol
01/03/2022 05:48:30 ############################
01/03/2022 05:48:30 Save best solution
01/03/2022 05:48:30 Keep best with diversity/fit tradeoff
01/03/2022 05:48:30 start matrix distance
01/03/2022 05:48:30 add pending dealloc: cuMemFree_v2 40960000 bytes
01/03/2022 05:51:32 Matrix distance duration : 182.28121972084045
01/03/2022 05:51:32 add pending dealloc: cuMemFree_v2 40960000 bytes
01/03/2022 05:51:32 dealloc: cuMemFree_v2 81920 bytes
01/03/2022 05:51:32 dealloc: cuMemFree_v2 81920 bytes
01/03/2022 05:51:32 dealloc: cuMemFree_v2 81920 bytes
01/03/2022 05:51:32 dealloc: cuMemFree_v2 81920 bytes
01/03/2022 05:51:32 dealloc: cuMemFree_v2 81920 bytes
01/03/2022 05:51:32 dealloc: cuMemFree_v2 81920 bytes
01/03/2022 05:51:32 dealloc: cuMemFree_v2 81920 bytes
01/03/2022 05:51:32 dealloc: cuMemFree_v2 81920 bytes
01/03/2022 05:51:32 dealloc: cuMemFree_v2 81920 bytes
01/03/2022 05:51:32 dealloc: cuMemFree_v2 40960000 bytes
01/03/2022 05:51:32 dealloc: cuMemFree_v2 40960000 bytes
01/03/2022 05:51:32 end  matrix distance
01/03/2022 05:51:32 start insertion in pop
01/03/2022 05:51:41 len(idx_selected) 20480
01/03/2022 05:51:41 Nb insertion 20480
01/03/2022 05:51:55 Insertion in pop : 22.859943389892578
01/03/2022 05:51:55 end insertion in pop
01/03/2022 05:51:55 After keep best info
01/03/2022 05:51:55 Pop _best : 747_worst : 808_avg : 781.430615234375
01/03/2022 05:51:55 [747 750 751 ... 806 807 808]
01/03/2022 05:51:57 Avg dist : 370.3844075791054 min dist : 301.0 max dist : 406
01/03/2022 05:51:57 ############################
01/03/2022 05:51:57 start crossover
01/03/2022 05:51:57 ############################
01/03/2022 05:51:57 Train neural network
01/03/2022 05:51:57 len(trainExamples) 20480
01/03/2022 05:59:55 add pending dealloc: module_unload ? bytes
01/03/2022 05:59:55 add pending dealloc: module_unload ? bytes
01/03/2022 05:59:55 add pending dealloc: cuMemFree_v2 40960000 bytes
01/03/2022 05:59:55 add pending dealloc: cuMemFree_v2 81920 bytes
01/03/2022 05:59:55 add pending dealloc: module_unload ? bytes
01/03/2022 05:59:55 add pending dealloc: module_unload ? bytes
01/03/2022 05:59:55 add pending dealloc: cuMemFree_v2 4000 bytes
01/03/2022 05:59:55 add pending dealloc: cuMemFree_v2 250000 bytes
01/03/2022 05:59:55 add pending dealloc: cuMemFree_v2 327680 bytes
01/03/2022 05:59:55 add pending dealloc: cuMemFree_v2 40960000 bytes
01/03/2022 05:59:55 add pending dealloc: cuMemFree_v2 81920 bytes
01/03/2022 05:59:55 add pending dealloc: cuMemFree_v2 81920 bytes
01/03/2022 05:59:55 add pending dealloc: cuMemFree_v2 838860800 bytes
01/03/2022 05:59:55 add pending dealloc: cuMemFree_v2 838860800 bytes
01/03/2022 05:59:55 add pending dealloc: cuMemFree_v2 81920 bytes
01/03/2022 05:59:55 dealloc: cuMemFree_v2 40960000 bytes
01/03/2022 05:59:55 dealloc: cuMemFree_v2 81920 bytes
01/03/2022 05:59:55 dealloc: cuMemFree_v2 4000 bytes
01/03/2022 05:59:55 dealloc: cuMemFree_v2 250000 bytes
01/03/2022 05:59:55 dealloc: cuMemFree_v2 327680 bytes
01/03/2022 05:59:55 dealloc: cuMemFree_v2 40960000 bytes
01/03/2022 05:59:55 dealloc: cuMemFree_v2 81920 bytes
01/03/2022 05:59:55 dealloc: cuMemFree_v2 81920 bytes
01/03/2022 05:59:55 dealloc: cuMemFree_v2 838860800 bytes
01/03/2022 05:59:55 dealloc: cuMemFree_v2 838860800 bytes
01/03/2022 05:59:55 dealloc: cuMemFree_v2 81920 bytes
