01/03/2022 11:42:08 init
01/03/2022 11:42:08 cuda:0
01/03/2022 11:42:08 k : 28
01/03/2022 11:42:08 size 300
01/03/2022 11:42:08 TEST
01/03/2022 11:42:08 k : 28
01/03/2022 11:42:10 initPopGCP
01/03/2022 11:42:28 ############################
01/03/2022 11:42:28 Start TABU
01/03/2022 11:42:28 ############################
01/03/2022 11:42:29 Tabucol duration : 0.9350953102111816
01/03/2022 11:42:29 Epoch : 0
01/03/2022 11:42:29 Pop best : 620_worst : 720_avg : 680.2
01/03/2022 11:42:29 end tabu
01/03/2022 11:42:29 ############################
01/03/2022 11:42:29 Results TabuCol
01/03/2022 11:42:29 ############################
01/03/2022 11:42:29 Save best solution
01/03/2022 11:42:29 Keep best with diversity/fit tradeoff
01/03/2022 11:42:29 start matrix distance
01/03/2022 11:42:29 add pending dealloc: cuMemFree_v2 6000 bytes
01/03/2022 11:42:30 Matrix distance duration : 0.8993916511535645
01/03/2022 11:42:30 add pending dealloc: cuMemFree_v2 6000 bytes
01/03/2022 11:42:30 end  matrix distance
01/03/2022 11:42:30 start insertion in pop
01/03/2022 11:42:30 len(idx_selected) 5
01/03/2022 11:42:30 Nb insertion 5
01/03/2022 11:42:30 Insertion in pop : 0.004403591156005859
01/03/2022 11:42:30 end insertion in pop
01/03/2022 11:42:30 After keep best info
01/03/2022 11:42:30 Pop _best : 620_worst : 720_avg : 680.2
01/03/2022 11:42:30 [620 674 690 697 720]
01/03/2022 11:42:30 Avg dist : 243.6 min dist : 237.0 max dist : 247
01/03/2022 11:42:30 ############################
01/03/2022 11:42:30 start crossover
01/03/2022 11:42:30 ############################
01/03/2022 11:42:30 len(trainExamples) = 5
01/03/2022 11:42:31 Start crossovers
01/03/2022 11:42:32 add pending dealloc: cuMemFree_v2 40 bytes
01/03/2022 11:42:32 add pending dealloc: cuMemFree_v2 40 bytes
01/03/2022 11:42:32 best_expected_fit
01/03/2022 11:42:32 -1.2926781177520752
01/03/2022 11:42:32 -1.2926781177520752
01/03/2022 11:42:32 -1.2926781177520752
01/03/2022 11:42:32 nb cross already tested in pop : 5
01/03/2022 11:42:32 Crossover duration : 1.0009870529174805
01/03/2022 11:42:32 generation duration : 4.57757043838501
01/03/2022 11:42:32 ############################
01/03/2022 11:42:32 Start TABU
01/03/2022 11:42:32 ############################
01/03/2022 11:42:32 Tabucol duration : 0.03797316551208496
01/03/2022 11:42:32 Epoch : 1
01/03/2022 11:42:32 Pop best : 602_worst : 666_avg : 631.0
01/03/2022 11:42:32 end tabu
01/03/2022 11:42:32 ############################
01/03/2022 11:42:32 Results TabuCol
01/03/2022 11:42:32 ############################
01/03/2022 11:42:32 Save best solution
01/03/2022 11:42:32 Keep best with diversity/fit tradeoff
01/03/2022 11:42:32 start matrix distance
01/03/2022 11:42:32 add pending dealloc: cuMemFree_v2 6000 bytes
01/03/2022 11:42:32 add pending dealloc: cuMemFree_v2 6000 bytes
01/03/2022 11:42:32 Matrix distance duration : 0.008823871612548828
01/03/2022 11:42:32 add pending dealloc: cuMemFree_v2 6000 bytes
01/03/2022 11:42:32 end  matrix distance
01/03/2022 11:42:32 start insertion in pop
01/03/2022 11:42:32 len(idx_selected) 5
01/03/2022 11:42:32 Nb insertion 4
01/03/2022 11:42:32 Insertion in pop : 0.0021500587463378906
01/03/2022 11:42:32 end insertion in pop
01/03/2022 11:42:32 After keep best info
01/03/2022 11:42:32 Pop _best : 602_worst : 645_avg : 621.8
01/03/2022 11:42:32 [602 610 620 632 645]
01/03/2022 11:42:32 Avg dist : 235.6 min dist : 217.0 max dist : 249
01/03/2022 11:42:32 ############################
01/03/2022 11:42:32 start crossover
01/03/2022 11:42:32 ############################
01/03/2022 11:42:32 len(trainExamples) = 5
01/03/2022 11:42:32 Start crossovers
01/03/2022 11:42:32 add pending dealloc: cuMemFree_v2 6000 bytes
01/03/2022 11:42:33 add pending dealloc: cuMemFree_v2 40 bytes
01/03/2022 11:42:33 add pending dealloc: cuMemFree_v2 40 bytes
01/03/2022 11:42:33 add pending dealloc: cuMemFree_v2 40 bytes
01/03/2022 11:42:33 dealloc: cuMemFree_v2 6000 bytes
01/03/2022 11:42:33 dealloc: cuMemFree_v2 6000 bytes
01/03/2022 11:42:33 dealloc: cuMemFree_v2 40 bytes
01/03/2022 11:42:33 dealloc: cuMemFree_v2 40 bytes
01/03/2022 11:42:33 dealloc: cuMemFree_v2 6000 bytes
01/03/2022 11:42:33 dealloc: cuMemFree_v2 6000 bytes
01/03/2022 11:42:33 dealloc: cuMemFree_v2 6000 bytes
01/03/2022 11:42:33 dealloc: cuMemFree_v2 6000 bytes
01/03/2022 11:42:33 dealloc: cuMemFree_v2 40 bytes
01/03/2022 11:42:33 dealloc: cuMemFree_v2 40 bytes
01/03/2022 11:42:33 dealloc: cuMemFree_v2 40 bytes
01/03/2022 11:42:33 best_expected_fit
01/03/2022 11:42:33 -1.0428197383880615
01/03/2022 11:42:33 -1.042819619178772
01/03/2022 11:42:33 -1.0428197145462037
01/03/2022 11:42:33 nb cross already tested in pop : 5
01/03/2022 11:42:33 Crossover duration : 0.08655476570129395
01/03/2022 11:42:33 generation duration : 0.31195950508117676
01/03/2022 11:42:33 ############################
01/03/2022 11:42:33 Start TABU
01/03/2022 11:42:33 ############################
01/03/2022 11:42:33 Tabucol duration : 0.037793874740600586
01/03/2022 11:42:33 Epoch : 2
01/03/2022 11:42:33 Pop best : 593_worst : 650_avg : 627.0
01/03/2022 11:42:33 end tabu
01/03/2022 11:42:33 ############################
01/03/2022 11:42:33 Results TabuCol
01/03/2022 11:42:33 ############################
01/03/2022 11:42:33 Save best solution
01/03/2022 11:42:33 Keep best with diversity/fit tradeoff
01/03/2022 11:42:33 start matrix distance
01/03/2022 11:42:33 add pending dealloc: cuMemFree_v2 6000 bytes
01/03/2022 11:42:33 add pending dealloc: cuMemFree_v2 6000 bytes
01/03/2022 11:42:33 Matrix distance duration : 0.005499839782714844
01/03/2022 11:42:33 add pending dealloc: cuMemFree_v2 6000 bytes
01/03/2022 11:42:33 end  matrix distance
01/03/2022 11:42:33 start insertion in pop
01/03/2022 11:42:33 len(idx_selected) 5
01/03/2022 11:42:33 Nb insertion 2
01/03/2022 11:42:33 Insertion in pop : 0.0014731884002685547
01/03/2022 11:42:33 end insertion in pop
01/03/2022 11:42:33 After keep best info
01/03/2022 11:42:33 Pop _best : 593_worst : 623_avg : 609.6
01/03/2022 11:42:33 [593 602 610 620 623]
01/03/2022 11:42:33 Avg dist : 233.3 min dist : 217.0 max dist : 243
01/03/2022 11:42:33 ############################
01/03/2022 11:42:33 start crossover
01/03/2022 11:42:33 ############################
01/03/2022 11:42:33 len(trainExamples) = 5
01/03/2022 11:42:33 Start crossovers
01/03/2022 11:42:33 add pending dealloc: cuMemFree_v2 6000 bytes
01/03/2022 11:42:33 add pending dealloc: cuMemFree_v2 40 bytes
01/03/2022 11:42:33 add pending dealloc: cuMemFree_v2 40 bytes
01/03/2022 11:42:33 add pending dealloc: cuMemFree_v2 40 bytes
01/03/2022 11:42:33 best_expected_fit
01/03/2022 11:42:33 -0.558456301689148
01/03/2022 11:42:33 -0.5584547519683838
01/03/2022 11:42:33 -0.5584556221961975
01/03/2022 11:42:33 nb cross already tested in pop : 6
01/03/2022 11:42:33 Crossover duration : 0.07393383979797363
01/03/2022 11:42:33 generation duration : 0.31295299530029297
01/03/2022 11:42:33 ############################
01/03/2022 11:42:33 Start TABU
01/03/2022 11:42:33 ############################
01/03/2022 11:42:33 Tabucol duration : 0.03781938552856445
01/03/2022 11:42:33 Epoch : 3
01/03/2022 11:42:33 Pop best : 586_worst : 654_avg : 628.6
01/03/2022 11:42:33 end tabu
01/03/2022 11:42:33 ############################
01/03/2022 11:42:33 Results TabuCol
01/03/2022 11:42:33 ############################
01/03/2022 11:42:33 Save best solution
01/03/2022 11:42:33 Keep best with diversity/fit tradeoff
01/03/2022 11:42:33 start matrix distance
01/03/2022 11:42:33 add pending dealloc: cuMemFree_v2 6000 bytes
01/03/2022 11:42:33 add pending dealloc: cuMemFree_v2 6000 bytes
01/03/2022 11:42:33 Matrix distance duration : 0.005368471145629883
01/03/2022 11:42:33 add pending dealloc: cuMemFree_v2 6000 bytes
01/03/2022 11:42:33 end  matrix distance
01/03/2022 11:42:33 start insertion in pop
01/03/2022 11:42:33 len(idx_selected) 5
01/03/2022 11:42:33 Nb insertion 1
01/03/2022 11:42:33 Insertion in pop : 0.0013964176177978516
01/03/2022 11:42:33 end insertion in pop
01/03/2022 11:42:33 After keep best info
01/03/2022 11:42:33 Pop _best : 586_worst : 620_avg : 602.2
01/03/2022 11:42:33 [586 593 602 610 620]
01/03/2022 11:42:33 Avg dist : 231.0 min dist : 217.0 max dist : 243
01/03/2022 11:42:33 ############################
01/03/2022 11:42:33 start crossover
01/03/2022 11:42:33 ############################
01/03/2022 11:42:33 len(trainExamples) = 5
01/03/2022 11:42:33 Start crossovers
01/03/2022 11:42:33 add pending dealloc: cuMemFree_v2 6000 bytes
01/03/2022 11:42:33 dealloc: cuMemFree_v2 6000 bytes
01/03/2022 11:42:33 dealloc: cuMemFree_v2 6000 bytes
01/03/2022 11:42:33 dealloc: cuMemFree_v2 6000 bytes
01/03/2022 11:42:33 dealloc: cuMemFree_v2 6000 bytes
01/03/2022 11:42:33 dealloc: cuMemFree_v2 40 bytes
01/03/2022 11:42:33 dealloc: cuMemFree_v2 40 bytes
01/03/2022 11:42:33 dealloc: cuMemFree_v2 40 bytes
01/03/2022 11:42:33 dealloc: cuMemFree_v2 6000 bytes
01/03/2022 11:42:33 dealloc: cuMemFree_v2 6000 bytes
01/03/2022 11:42:33 dealloc: cuMemFree_v2 6000 bytes
01/03/2022 11:42:33 dealloc: cuMemFree_v2 6000 bytes
01/03/2022 11:42:33 add pending dealloc: cuMemFree_v2 40 bytes
01/03/2022 11:42:33 add pending dealloc: cuMemFree_v2 40 bytes
01/03/2022 11:42:33 add pending dealloc: cuMemFree_v2 40 bytes
01/03/2022 11:42:33 best_expected_fit
01/03/2022 11:42:33 0.1300821602344513
01/03/2022 11:42:33 0.1300896853208542
01/03/2022 11:42:33 0.1300857961177826
01/03/2022 11:42:33 nb cross already tested in pop : 10
01/03/2022 11:42:33 Crossover duration : 0.07728767395019531
01/03/2022 11:42:33 generation duration : 0.2834510803222656
01/03/2022 11:42:33 ############################
01/03/2022 11:42:33 Start TABU
01/03/2022 11:42:33 ############################
01/03/2022 11:42:33 Tabucol duration : 0.03791356086730957
01/03/2022 11:42:33 Epoch : 4
01/03/2022 11:42:33 Pop best : 607_worst : 634_avg : 623.8
01/03/2022 11:42:33 end tabu
01/03/2022 11:42:33 ############################
01/03/2022 11:42:33 Results TabuCol
01/03/2022 11:42:33 ############################
01/03/2022 11:42:33 Keep best with diversity/fit tradeoff
01/03/2022 11:42:33 start matrix distance
01/03/2022 11:42:33 add pending dealloc: cuMemFree_v2 6000 bytes
01/03/2022 11:42:33 add pending dealloc: cuMemFree_v2 6000 bytes
01/03/2022 11:42:33 Matrix distance duration : 0.005345344543457031
01/03/2022 11:42:33 add pending dealloc: cuMemFree_v2 6000 bytes
01/03/2022 11:42:33 end  matrix distance
01/03/2022 11:42:33 start insertion in pop
01/03/2022 11:42:33 len(idx_selected) 5
01/03/2022 11:42:33 Nb insertion 1
01/03/2022 11:42:33 Insertion in pop : 0.0010838508605957031
01/03/2022 11:42:33 end insertion in pop
01/03/2022 11:42:33 After keep best info
01/03/2022 11:42:33 Pop _best : 586_worst : 610_avg : 599.6
01/03/2022 11:42:33 [586 593 602 607 610]
01/03/2022 11:42:33 Avg dist : 232.8 min dist : 217.0 max dist : 243
01/03/2022 11:42:33 ############################
01/03/2022 11:42:33 start crossover
01/03/2022 11:42:33 ############################
01/03/2022 11:42:33 len(trainExamples) = 5
01/03/2022 11:42:33 Start crossovers
01/03/2022 11:42:33 add pending dealloc: cuMemFree_v2 6000 bytes
01/03/2022 11:42:33 add pending dealloc: cuMemFree_v2 40 bytes
01/03/2022 11:42:33 add pending dealloc: cuMemFree_v2 40 bytes
01/03/2022 11:42:33 add pending dealloc: cuMemFree_v2 40 bytes
01/03/2022 11:42:33 best_expected_fit
01/03/2022 11:42:33 1.092602252960205
01/03/2022 11:42:33 1.093070149421692
01/03/2022 11:42:33 1.0928797721862793
01/03/2022 11:42:33 nb cross already tested in pop : 10
01/03/2022 11:42:33 Crossover duration : 0.07381391525268555
01/03/2022 11:42:33 generation duration : 0.278228759765625
01/03/2022 11:42:33 ############################
01/03/2022 11:42:33 Start TABU
01/03/2022 11:42:33 ############################
01/03/2022 11:42:34 Tabucol duration : 0.037941694259643555
01/03/2022 11:42:34 Epoch : 5
01/03/2022 11:42:34 Pop best : 605_worst : 648_avg : 620.0
01/03/2022 11:42:34 end tabu
01/03/2022 11:42:34 ############################
01/03/2022 11:42:34 Results TabuCol
01/03/2022 11:42:34 ############################
01/03/2022 11:42:34 Keep best with diversity/fit tradeoff
01/03/2022 11:42:34 start matrix distance
01/03/2022 11:42:34 add pending dealloc: cuMemFree_v2 6000 bytes
01/03/2022 11:42:34 dealloc: cuMemFree_v2 40 bytes
01/03/2022 11:42:34 dealloc: cuMemFree_v2 40 bytes
01/03/2022 11:42:34 dealloc: cuMemFree_v2 40 bytes
01/03/2022 11:42:34 dealloc: cuMemFree_v2 6000 bytes
01/03/2022 11:42:34 dealloc: cuMemFree_v2 6000 bytes
01/03/2022 11:42:34 dealloc: cuMemFree_v2 6000 bytes
01/03/2022 11:42:34 dealloc: cuMemFree_v2 6000 bytes
01/03/2022 11:42:34 dealloc: cuMemFree_v2 40 bytes
01/03/2022 11:42:34 dealloc: cuMemFree_v2 40 bytes
01/03/2022 11:42:34 dealloc: cuMemFree_v2 40 bytes
01/03/2022 11:42:34 dealloc: cuMemFree_v2 6000 bytes
01/03/2022 11:42:34 add pending dealloc: cuMemFree_v2 6000 bytes
01/03/2022 11:42:34 Matrix distance duration : 0.01431131362915039
01/03/2022 11:42:34 add pending dealloc: cuMemFree_v2 6000 bytes
01/03/2022 11:42:34 end  matrix distance
01/03/2022 11:42:34 start insertion in pop
01/03/2022 11:42:34 len(idx_selected) 5
01/03/2022 11:42:34 Nb insertion 1
01/03/2022 11:42:34 Insertion in pop : 0.0013172626495361328
01/03/2022 11:42:34 end insertion in pop
01/03/2022 11:42:34 After keep best info
01/03/2022 11:42:34 Pop _best : 586_worst : 607_avg : 598.6
01/03/2022 11:42:34 [586 593 602 605 607]
01/03/2022 11:42:34 Avg dist : 229.3 min dist : 217.0 max dist : 242
01/03/2022 11:42:34 ############################
01/03/2022 11:42:34 start crossover
01/03/2022 11:42:34 ############################
01/03/2022 11:42:34 len(trainExamples) = 5
01/03/2022 11:42:34 Start crossovers
01/03/2022 11:42:34 add pending dealloc: cuMemFree_v2 6000 bytes
01/03/2022 11:42:34 add pending dealloc: cuMemFree_v2 40 bytes
01/03/2022 11:42:34 add pending dealloc: cuMemFree_v2 40 bytes
01/03/2022 11:42:34 add pending dealloc: cuMemFree_v2 40 bytes
01/03/2022 11:42:34 best_expected_fit
01/03/2022 11:42:34 3.298865556716919
01/03/2022 11:42:34 3.325425624847412
01/03/2022 11:42:34 3.314252805709839
01/03/2022 11:42:34 nb cross already tested in pop : 8
01/03/2022 11:42:34 Crossover duration : 0.07237720489501953
01/03/2022 11:42:34 generation duration : 0.28300976753234863
01/03/2022 11:42:34 ############################
01/03/2022 11:42:34 Start TABU
01/03/2022 11:42:34 ############################
01/03/2022 11:42:34 Tabucol duration : 0.03787112236022949
01/03/2022 11:42:34 Epoch : 6
01/03/2022 11:42:34 Pop best : 584_worst : 678_avg : 634.8
01/03/2022 11:42:34 end tabu
01/03/2022 11:42:34 ############################
01/03/2022 11:42:34 Results TabuCol
01/03/2022 11:42:34 ############################
01/03/2022 11:42:34 Save best solution
01/03/2022 11:42:34 Keep best with diversity/fit tradeoff
01/03/2022 11:42:34 start matrix distance
01/03/2022 11:42:34 add pending dealloc: cuMemFree_v2 6000 bytes
01/03/2022 11:42:34 add pending dealloc: cuMemFree_v2 6000 bytes
01/03/2022 11:42:34 Matrix distance duration : 0.005373716354370117
01/03/2022 11:42:34 add pending dealloc: cuMemFree_v2 6000 bytes
01/03/2022 11:42:34 end  matrix distance
01/03/2022 11:42:34 start insertion in pop
01/03/2022 11:42:34 len(idx_selected) 5
01/03/2022 11:42:34 Nb insertion 1
01/03/2022 11:42:34 Insertion in pop : 0.0015034675598144531
01/03/2022 11:42:34 end insertion in pop
01/03/2022 11:42:34 After keep best info
01/03/2022 11:42:34 Pop _best : 584_worst : 605_avg : 594.0
01/03/2022 11:42:34 [584 586 593 602 605]
01/03/2022 11:42:34 Avg dist : 226.2 min dist : 213.0 max dist : 239
01/03/2022 11:42:34 ############################
01/03/2022 11:42:34 start crossover
01/03/2022 11:42:34 ############################
01/03/2022 11:42:34 len(trainExamples) = 5
01/03/2022 11:42:34 Start crossovers
01/03/2022 11:42:34 add pending dealloc: cuMemFree_v2 6000 bytes
01/03/2022 11:42:34 add pending dealloc: cuMemFree_v2 40 bytes
01/03/2022 11:42:34 dealloc: cuMemFree_v2 6000 bytes
01/03/2022 11:42:34 dealloc: cuMemFree_v2 6000 bytes
01/03/2022 11:42:34 dealloc: cuMemFree_v2 6000 bytes
01/03/2022 11:42:34 dealloc: cuMemFree_v2 40 bytes
01/03/2022 11:42:34 dealloc: cuMemFree_v2 40 bytes
01/03/2022 11:42:34 dealloc: cuMemFree_v2 40 bytes
01/03/2022 11:42:34 dealloc: cuMemFree_v2 6000 bytes
01/03/2022 11:42:34 dealloc: cuMemFree_v2 6000 bytes
01/03/2022 11:42:34 dealloc: cuMemFree_v2 6000 bytes
01/03/2022 11:42:34 dealloc: cuMemFree_v2 6000 bytes
01/03/2022 11:42:34 dealloc: cuMemFree_v2 40 bytes
01/03/2022 11:42:34 add pending dealloc: cuMemFree_v2 40 bytes
01/03/2022 11:42:34 add pending dealloc: cuMemFree_v2 40 bytes
01/03/2022 11:42:34 best_expected_fit
01/03/2022 11:42:34 5.796638488769531
01/03/2022 11:42:34 6.111670970916748
01/03/2022 11:42:34 5.92698974609375
01/03/2022 11:42:34 nb cross already tested in pop : 10
01/03/2022 11:42:34 Crossover duration : 0.08680963516235352
01/03/2022 11:42:34 generation duration : 0.2880275249481201
01/03/2022 11:42:34 ############################
01/03/2022 11:42:34 Start TABU
01/03/2022 11:42:34 ############################
01/03/2022 11:42:34 Tabucol duration : 0.03787803649902344
01/03/2022 11:42:34 Epoch : 7
01/03/2022 11:42:34 Pop best : 572_worst : 642_avg : 610.2
01/03/2022 11:42:34 end tabu
01/03/2022 11:42:34 ############################
01/03/2022 11:42:34 Results TabuCol
01/03/2022 11:42:34 ############################
01/03/2022 11:42:34 Save best solution
01/03/2022 11:42:34 Keep best with diversity/fit tradeoff
01/03/2022 11:42:34 start matrix distance
01/03/2022 11:42:34 add pending dealloc: cuMemFree_v2 6000 bytes
01/03/2022 11:42:34 add pending dealloc: cuMemFree_v2 6000 bytes
01/03/2022 11:42:34 Matrix distance duration : 0.005366325378417969
01/03/2022 11:42:34 add pending dealloc: cuMemFree_v2 6000 bytes
01/03/2022 11:42:34 end  matrix distance
01/03/2022 11:42:34 start insertion in pop
01/03/2022 11:42:34 len(idx_selected) 5
01/03/2022 11:42:34 Nb insertion 2
01/03/2022 11:42:34 Insertion in pop : 0.001486063003540039
01/03/2022 11:42:34 end insertion in pop
01/03/2022 11:42:34 After keep best info
01/03/2022 11:42:34 Pop _best : 572_worst : 593_avg : 584.2
01/03/2022 11:42:34 [572 584 586 586 593]
01/03/2022 11:42:34 Avg dist : 228.7 min dist : 213.0 max dist : 243
01/03/2022 11:42:34 ############################
01/03/2022 11:42:34 start crossover
01/03/2022 11:42:34 ############################
01/03/2022 11:42:34 len(trainExamples) = 5
01/03/2022 11:42:34 Start crossovers
01/03/2022 11:42:34 add pending dealloc: cuMemFree_v2 6000 bytes
01/03/2022 11:42:34 add pending dealloc: cuMemFree_v2 40 bytes
01/03/2022 11:42:34 add pending dealloc: cuMemFree_v2 40 bytes
01/03/2022 11:42:34 add pending dealloc: cuMemFree_v2 40 bytes
01/03/2022 11:42:34 best_expected_fit
01/03/2022 11:42:34 12.454164505004883
01/03/2022 11:42:34 14.915626525878906
01/03/2022 11:42:34 14.015322303771972
01/03/2022 11:42:34 nb cross already tested in pop : 9
01/03/2022 11:42:34 Crossover duration : 0.07115960121154785
01/03/2022 11:42:34 generation duration : 0.27243685722351074
01/03/2022 11:42:34 ############################
01/03/2022 11:42:34 Start TABU
01/03/2022 11:42:34 ############################
01/03/2022 11:42:34 Tabucol duration : 0.037926435470581055
01/03/2022 11:42:34 Epoch : 8
01/03/2022 11:42:34 Pop best : 619_worst : 678_avg : 650.6
01/03/2022 11:42:34 end tabu
01/03/2022 11:42:34 ############################
01/03/2022 11:42:34 Results TabuCol
01/03/2022 11:42:34 ############################
01/03/2022 11:42:34 Keep best with diversity/fit tradeoff
01/03/2022 11:42:34 start matrix distance
01/03/2022 11:42:34 add pending dealloc: cuMemFree_v2 6000 bytes
01/03/2022 11:42:34 add pending dealloc: cuMemFree_v2 6000 bytes
01/03/2022 11:42:34 dealloc: cuMemFree_v2 40 bytes
01/03/2022 11:42:34 dealloc: cuMemFree_v2 40 bytes
01/03/2022 11:42:34 dealloc: cuMemFree_v2 6000 bytes
01/03/2022 11:42:34 dealloc: cuMemFree_v2 6000 bytes
01/03/2022 11:42:34 dealloc: cuMemFree_v2 6000 bytes
01/03/2022 11:42:34 dealloc: cuMemFree_v2 6000 bytes
01/03/2022 11:42:34 dealloc: cuMemFree_v2 40 bytes
01/03/2022 11:42:34 dealloc: cuMemFree_v2 40 bytes
01/03/2022 11:42:34 dealloc: cuMemFree_v2 40 bytes
01/03/2022 11:42:34 dealloc: cuMemFree_v2 6000 bytes
01/03/2022 11:42:34 dealloc: cuMemFree_v2 6000 bytes
01/03/2022 11:42:34 Matrix distance duration : 0.01274561882019043
01/03/2022 11:42:34 add pending dealloc: cuMemFree_v2 6000 bytes
01/03/2022 11:42:34 end  matrix distance
01/03/2022 11:42:34 start insertion in pop
01/03/2022 11:42:34 len(idx_selected) 5
01/03/2022 11:42:34 Nb insertion 0
01/03/2022 11:42:34 Insertion in pop : 0.0012390613555908203
01/03/2022 11:42:34 end insertion in pop
01/03/2022 11:42:34 After keep best info
01/03/2022 11:42:34 Pop _best : 572_worst : 593_avg : 584.2
01/03/2022 11:42:34 [572 584 586 586 593]
01/03/2022 11:42:34 Avg dist : 228.7 min dist : 213.0 max dist : 243
01/03/2022 11:42:34 ############################
01/03/2022 11:42:34 start crossover
01/03/2022 11:42:34 ############################
01/03/2022 11:42:34 len(trainExamples) = 5
01/03/2022 11:42:35 Start crossovers
01/03/2022 11:42:35 add pending dealloc: cuMemFree_v2 6000 bytes
01/03/2022 11:42:35 add pending dealloc: cuMemFree_v2 40 bytes
01/03/2022 11:42:35 add pending dealloc: cuMemFree_v2 40 bytes
01/03/2022 11:42:35 add pending dealloc: cuMemFree_v2 40 bytes
01/03/2022 11:42:35 best_expected_fit
01/03/2022 11:42:35 29.958599090576172
01/03/2022 11:42:35 33.0725212097168
01/03/2022 11:42:35 31.723152923583985
01/03/2022 11:42:35 nb cross already tested in pop : 14
01/03/2022 11:42:35 Crossover duration : 0.07264471054077148
01/03/2022 11:42:35 generation duration : 0.2937283515930176
01/03/2022 11:42:35 ############################
01/03/2022 11:42:35 Start TABU
01/03/2022 11:42:35 ############################
01/03/2022 11:42:35 Tabucol duration : 0.03796052932739258
01/03/2022 11:42:35 Epoch : 9
01/03/2022 11:42:35 Pop best : 591_worst : 636_avg : 613.8
01/03/2022 11:42:35 end tabu
01/03/2022 11:42:35 ############################
01/03/2022 11:42:35 Results TabuCol
01/03/2022 11:42:35 ############################
01/03/2022 11:42:35 Keep best with diversity/fit tradeoff
01/03/2022 11:42:35 start matrix distance
01/03/2022 11:42:35 add pending dealloc: cuMemFree_v2 6000 bytes
01/03/2022 11:42:35 add pending dealloc: cuMemFree_v2 6000 bytes
01/03/2022 11:42:35 Matrix distance duration : 0.005354404449462891
01/03/2022 11:42:35 add pending dealloc: cuMemFree_v2 6000 bytes
01/03/2022 11:42:35 end  matrix distance
01/03/2022 11:42:35 start insertion in pop
01/03/2022 11:42:35 len(idx_selected) 5
01/03/2022 11:42:35 Nb insertion 1
01/03/2022 11:42:35 Insertion in pop : 0.0012431144714355469
01/03/2022 11:42:35 end insertion in pop
01/03/2022 11:42:35 After keep best info
01/03/2022 11:42:35 Pop _best : 572_worst : 591_avg : 583.8
01/03/2022 11:42:35 [572 584 586 586 591]
01/03/2022 11:42:35 Avg dist : 224.9 min dist : 213.0 max dist : 239
01/03/2022 11:42:35 ############################
01/03/2022 11:42:35 start crossover
01/03/2022 11:42:35 ############################
01/03/2022 11:42:35 len(trainExamples) = 5
01/03/2022 11:42:35 Start crossovers
01/03/2022 11:42:35 add pending dealloc: cuMemFree_v2 6000 bytes
01/03/2022 11:42:35 add pending dealloc: cuMemFree_v2 40 bytes
01/03/2022 11:42:35 add pending dealloc: cuMemFree_v2 40 bytes
01/03/2022 11:42:35 dealloc: cuMemFree_v2 6000 bytes
01/03/2022 11:42:35 dealloc: cuMemFree_v2 6000 bytes
01/03/2022 11:42:35 dealloc: cuMemFree_v2 40 bytes
01/03/2022 11:42:35 dealloc: cuMemFree_v2 40 bytes
01/03/2022 11:42:35 dealloc: cuMemFree_v2 40 bytes
01/03/2022 11:42:35 dealloc: cuMemFree_v2 6000 bytes
01/03/2022 11:42:35 dealloc: cuMemFree_v2 6000 bytes
01/03/2022 11:42:35 dealloc: cuMemFree_v2 6000 bytes
01/03/2022 11:42:35 dealloc: cuMemFree_v2 6000 bytes
01/03/2022 11:42:35 dealloc: cuMemFree_v2 40 bytes
01/03/2022 11:42:35 dealloc: cuMemFree_v2 40 bytes
01/03/2022 11:42:35 add pending dealloc: cuMemFree_v2 40 bytes
01/03/2022 11:42:35 best_expected_fit
01/03/2022 11:42:35 28.810901641845703
01/03/2022 11:42:35 33.83708953857422
01/03/2022 11:42:35 30.528437042236327
01/03/2022 11:42:35 nb cross already tested in pop : 13
01/03/2022 11:42:35 Crossover duration : 0.08054184913635254
01/03/2022 11:42:35 generation duration : 0.2852177619934082
01/03/2022 11:42:35 ############################
01/03/2022 11:42:35 Start TABU
01/03/2022 11:42:35 ############################
01/03/2022 11:42:35 Tabucol duration : 0.0379788875579834
01/03/2022 11:42:35 Epoch : 10
01/03/2022 11:42:35 Pop best : 620_worst : 643_avg : 634.0
01/03/2022 11:42:35 end tabu
01/03/2022 11:42:35 ############################
01/03/2022 11:42:35 Results TabuCol
01/03/2022 11:42:35 ############################
01/03/2022 11:42:35 Keep best with diversity/fit tradeoff
01/03/2022 11:42:35 start matrix distance
01/03/2022 11:42:35 add pending dealloc: cuMemFree_v2 6000 bytes
01/03/2022 11:42:35 add pending dealloc: cuMemFree_v2 6000 bytes
01/03/2022 11:42:35 Matrix distance duration : 0.0053865909576416016
01/03/2022 11:42:35 add pending dealloc: cuMemFree_v2 6000 bytes
01/03/2022 11:42:35 end  matrix distance
01/03/2022 11:42:35 start insertion in pop
01/03/2022 11:42:35 len(idx_selected) 5
01/03/2022 11:42:35 Nb insertion 0
01/03/2022 11:42:35 Insertion in pop : 0.0013933181762695312
01/03/2022 11:42:35 end insertion in pop
01/03/2022 11:42:35 After keep best info
01/03/2022 11:42:35 Pop _best : 572_worst : 591_avg : 583.8
01/03/2022 11:42:35 [572 584 586 586 591]
01/03/2022 11:42:35 Avg dist : 224.9 min dist : 213.0 max dist : 239
01/03/2022 11:42:35 ############################
01/03/2022 11:42:35 start crossover
01/03/2022 11:42:35 ############################
01/03/2022 11:42:35 len(trainExamples) = 5
01/03/2022 11:42:35 Start crossovers
01/03/2022 11:42:35 add pending dealloc: cuMemFree_v2 6000 bytes
01/03/2022 11:42:35 add pending dealloc: cuMemFree_v2 40 bytes
01/03/2022 11:42:35 add pending dealloc: cuMemFree_v2 40 bytes
01/03/2022 11:42:35 add pending dealloc: cuMemFree_v2 40 bytes
01/03/2022 11:42:35 best_expected_fit
01/03/2022 11:42:35 71.9824447631836
01/03/2022 11:42:35 73.42320251464844
01/03/2022 11:42:35 72.90658416748047
01/03/2022 11:42:35 nb cross already tested in pop : 15
01/03/2022 11:42:35 Crossover duration : 0.07761311531066895
01/03/2022 11:42:35 generation duration : 0.2785935401916504
01/03/2022 11:42:35 ############################
01/03/2022 11:42:35 Start TABU
01/03/2022 11:42:35 ############################
01/03/2022 11:42:35 Tabucol duration : 0.03864884376525879
01/03/2022 11:42:35 Epoch : 11
01/03/2022 11:42:35 Pop best : 602_worst : 644_avg : 622.0
01/03/2022 11:42:35 end tabu
01/03/2022 11:42:35 ############################
01/03/2022 11:42:35 Results TabuCol
01/03/2022 11:42:35 ############################
01/03/2022 11:42:35 Keep best with diversity/fit tradeoff
01/03/2022 11:42:35 start matrix distance
01/03/2022 11:42:35 add pending dealloc: cuMemFree_v2 6000 bytes
01/03/2022 11:42:35 add pending dealloc: cuMemFree_v2 6000 bytes
01/03/2022 11:42:35 Matrix distance duration : 0.005387783050537109
01/03/2022 11:42:35 add pending dealloc: cuMemFree_v2 6000 bytes
01/03/2022 11:42:35 dealloc: cuMemFree_v2 40 bytes
01/03/2022 11:42:35 dealloc: cuMemFree_v2 6000 bytes
01/03/2022 11:42:35 dealloc: cuMemFree_v2 6000 bytes
01/03/2022 11:42:35 dealloc: cuMemFree_v2 6000 bytes
01/03/2022 11:42:35 dealloc: cuMemFree_v2 6000 bytes
01/03/2022 11:42:35 dealloc: cuMemFree_v2 40 bytes
01/03/2022 11:42:35 dealloc: cuMemFree_v2 40 bytes
01/03/2022 11:42:35 dealloc: cuMemFree_v2 40 bytes
01/03/2022 11:42:35 dealloc: cuMemFree_v2 6000 bytes
01/03/2022 11:42:35 dealloc: cuMemFree_v2 6000 bytes
01/03/2022 11:42:35 dealloc: cuMemFree_v2 6000 bytes
01/03/2022 11:42:35 end  matrix distance
01/03/2022 11:42:35 start insertion in pop
01/03/2022 11:42:35 len(idx_selected) 5
01/03/2022 11:42:35 Nb insertion 0
01/03/2022 11:42:35 Insertion in pop : 0.0012788772583007812
01/03/2022 11:42:35 end insertion in pop
01/03/2022 11:42:35 After keep best info
01/03/2022 11:42:35 Pop _best : 572_worst : 591_avg : 583.8
01/03/2022 11:42:35 [572 584 586 586 591]
01/03/2022 11:42:35 Avg dist : 224.9 min dist : 213.0 max dist : 239
01/03/2022 11:42:35 ############################
01/03/2022 11:42:35 start crossover
01/03/2022 11:42:35 ############################
01/03/2022 11:42:35 len(trainExamples) = 5
01/03/2022 11:42:35 Start crossovers
01/03/2022 11:42:35 add pending dealloc: cuMemFree_v2 6000 bytes
01/03/2022 11:42:35 add pending dealloc: cuMemFree_v2 40 bytes
01/03/2022 11:42:35 add pending dealloc: cuMemFree_v2 40 bytes
01/03/2022 11:42:35 add pending dealloc: cuMemFree_v2 40 bytes
01/03/2022 11:42:35 best_expected_fit
01/03/2022 11:42:35 75.18283081054688
01/03/2022 11:42:35 83.06818389892578
01/03/2022 11:42:35 79.96668548583985
01/03/2022 11:42:35 nb cross already tested in pop : 18
01/03/2022 11:42:35 Crossover duration : 0.07723736763000488
01/03/2022 11:42:35 generation duration : 0.29525160789489746
01/03/2022 11:42:35 ############################
01/03/2022 11:42:35 Start TABU
01/03/2022 11:42:35 ############################
01/03/2022 11:42:36 Tabucol duration : 0.03810429573059082
01/03/2022 11:42:36 Epoch : 12
01/03/2022 11:42:36 Pop best : 604_worst : 670_avg : 629.8
01/03/2022 11:42:36 end tabu
01/03/2022 11:42:36 ############################
01/03/2022 11:42:36 Results TabuCol
01/03/2022 11:42:36 ############################
01/03/2022 11:42:36 Keep best with diversity/fit tradeoff
01/03/2022 11:42:36 start matrix distance
01/03/2022 11:42:36 add pending dealloc: cuMemFree_v2 6000 bytes
01/03/2022 11:42:36 add pending dealloc: cuMemFree_v2 6000 bytes
01/03/2022 11:42:36 Matrix distance duration : 0.005365133285522461
01/03/2022 11:42:36 add pending dealloc: cuMemFree_v2 6000 bytes
01/03/2022 11:42:36 end  matrix distance
01/03/2022 11:42:36 start insertion in pop
01/03/2022 11:42:36 len(idx_selected) 5
01/03/2022 11:42:36 Nb insertion 0
01/03/2022 11:42:36 Insertion in pop : 0.0012125968933105469
01/03/2022 11:42:36 end insertion in pop
01/03/2022 11:42:36 After keep best info
01/03/2022 11:42:36 Pop _best : 572_worst : 591_avg : 583.8
01/03/2022 11:42:36 [572 584 586 586 591]
01/03/2022 11:42:36 Avg dist : 224.9 min dist : 213.0 max dist : 239
01/03/2022 11:42:36 ############################
01/03/2022 11:42:36 start crossover
01/03/2022 11:42:36 ############################
01/03/2022 11:42:36 len(trainExamples) = 5
01/03/2022 11:42:36 Start crossovers
01/03/2022 11:42:36 add pending dealloc: cuMemFree_v2 6000 bytes
01/03/2022 11:42:36 add pending dealloc: cuMemFree_v2 40 bytes
01/03/2022 11:42:36 add pending dealloc: cuMemFree_v2 40 bytes
01/03/2022 11:42:36 add pending dealloc: cuMemFree_v2 40 bytes
01/03/2022 11:42:36 dealloc: cuMemFree_v2 6000 bytes
01/03/2022 11:42:36 dealloc: cuMemFree_v2 40 bytes
01/03/2022 11:42:36 dealloc: cuMemFree_v2 40 bytes
01/03/2022 11:42:36 dealloc: cuMemFree_v2 40 bytes
01/03/2022 11:42:36 dealloc: cuMemFree_v2 6000 bytes
01/03/2022 11:42:36 dealloc: cuMemFree_v2 6000 bytes
01/03/2022 11:42:36 dealloc: cuMemFree_v2 6000 bytes
01/03/2022 11:42:36 dealloc: cuMemFree_v2 6000 bytes
01/03/2022 11:42:36 dealloc: cuMemFree_v2 40 bytes
01/03/2022 11:42:36 dealloc: cuMemFree_v2 40 bytes
01/03/2022 11:42:36 dealloc: cuMemFree_v2 40 bytes
01/03/2022 11:42:36 best_expected_fit
01/03/2022 11:42:36 88.9522705078125
01/03/2022 11:42:36 92.65814208984375
01/03/2022 11:42:36 90.87885131835938
01/03/2022 11:42:36 nb cross already tested in pop : 22
01/03/2022 11:42:36 Crossover duration : 0.08159112930297852
01/03/2022 11:42:36 generation duration : 0.2740354537963867
01/03/2022 11:42:36 ############################
01/03/2022 11:42:36 Start TABU
01/03/2022 11:42:36 ############################
01/03/2022 11:42:36 Tabucol duration : 0.0381014347076416
01/03/2022 11:42:36 Epoch : 13
01/03/2022 11:42:36 Pop best : 609_worst : 647_avg : 618.6
01/03/2022 11:42:36 end tabu
01/03/2022 11:42:36 ############################
01/03/2022 11:42:36 Results TabuCol
01/03/2022 11:42:36 ############################
01/03/2022 11:42:36 Keep best with diversity/fit tradeoff
01/03/2022 11:42:36 start matrix distance
01/03/2022 11:42:36 add pending dealloc: cuMemFree_v2 6000 bytes
01/03/2022 11:42:36 add pending dealloc: cuMemFree_v2 6000 bytes
01/03/2022 11:42:36 Matrix distance duration : 0.005354404449462891
01/03/2022 11:42:36 add pending dealloc: cuMemFree_v2 6000 bytes
01/03/2022 11:42:36 end  matrix distance
01/03/2022 11:42:36 start insertion in pop
01/03/2022 11:42:36 len(idx_selected) 5
01/03/2022 11:42:36 Nb insertion 0
01/03/2022 11:42:36 Insertion in pop : 0.0014500617980957031
01/03/2022 11:42:36 end insertion in pop
01/03/2022 11:42:36 After keep best info
01/03/2022 11:42:36 Pop _best : 572_worst : 591_avg : 583.8
01/03/2022 11:42:36 [572 584 586 586 591]
01/03/2022 11:42:36 Avg dist : 224.9 min dist : 213.0 max dist : 239
01/03/2022 11:42:36 ############################
01/03/2022 11:42:36 start crossover
01/03/2022 11:42:36 ############################
01/03/2022 11:42:36 len(trainExamples) = 5
01/03/2022 11:42:36 Start crossovers
01/03/2022 11:42:36 add pending dealloc: cuMemFree_v2 6000 bytes
01/03/2022 11:42:36 add pending dealloc: cuMemFree_v2 40 bytes
01/03/2022 11:42:36 add pending dealloc: cuMemFree_v2 40 bytes
01/03/2022 11:42:36 add pending dealloc: cuMemFree_v2 40 bytes
01/03/2022 11:42:36 best_expected_fit
01/03/2022 11:42:36 93.00865173339844
01/03/2022 11:42:36 99.09542846679688
01/03/2022 11:42:36 96.23962097167968
01/03/2022 11:42:36 nb cross already tested in pop : 23
01/03/2022 11:42:36 Crossover duration : 0.07341980934143066
01/03/2022 11:42:36 generation duration : 0.2785000801086426
01/03/2022 11:42:36 ############################
01/03/2022 11:42:36 Start TABU
01/03/2022 11:42:36 ############################
01/03/2022 11:42:36 Tabucol duration : 0.03804445266723633
01/03/2022 11:42:36 Epoch : 14
01/03/2022 11:42:36 Pop best : 611_worst : 633_avg : 621.0
01/03/2022 11:42:36 end tabu
01/03/2022 11:42:36 ############################
01/03/2022 11:42:36 Results TabuCol
01/03/2022 11:42:36 ############################
01/03/2022 11:42:36 Keep best with diversity/fit tradeoff
01/03/2022 11:42:36 start matrix distance
01/03/2022 11:42:36 add pending dealloc: cuMemFree_v2 6000 bytes
01/03/2022 11:42:36 add pending dealloc: cuMemFree_v2 6000 bytes
01/03/2022 11:42:36 Matrix distance duration : 0.0053195953369140625
01/03/2022 11:42:36 add pending dealloc: cuMemFree_v2 6000 bytes
01/03/2022 11:42:36 end  matrix distance
01/03/2022 11:42:36 start insertion in pop
01/03/2022 11:42:36 len(idx_selected) 5
01/03/2022 11:42:36 Nb insertion 0
01/03/2022 11:42:36 Insertion in pop : 0.001459360122680664
01/03/2022 11:42:36 end insertion in pop
01/03/2022 11:42:36 After keep best info
01/03/2022 11:42:36 Pop _best : 572_worst : 591_avg : 583.8
01/03/2022 11:42:36 [572 584 586 586 591]
01/03/2022 11:42:36 Avg dist : 224.9 min dist : 213.0 max dist : 239
01/03/2022 11:42:36 ############################
01/03/2022 11:42:36 start crossover
01/03/2022 11:42:36 ############################
01/03/2022 11:42:36 len(trainExamples) = 5
01/03/2022 11:42:36 add pending dealloc: cuMemFree_v2 6000 bytes
01/03/2022 11:42:36 dealloc: cuMemFree_v2 6000 bytes
01/03/2022 11:42:36 dealloc: cuMemFree_v2 6000 bytes
01/03/2022 11:42:36 dealloc: cuMemFree_v2 6000 bytes
01/03/2022 11:42:36 dealloc: cuMemFree_v2 6000 bytes
01/03/2022 11:42:36 dealloc: cuMemFree_v2 40 bytes
01/03/2022 11:42:36 dealloc: cuMemFree_v2 40 bytes
01/03/2022 11:42:36 dealloc: cuMemFree_v2 40 bytes
01/03/2022 11:42:36 dealloc: cuMemFree_v2 6000 bytes
01/03/2022 11:42:36 dealloc: cuMemFree_v2 6000 bytes
01/03/2022 11:42:36 dealloc: cuMemFree_v2 6000 bytes
01/03/2022 11:42:36 dealloc: cuMemFree_v2 6000 bytes
01/03/2022 11:42:36 add pending dealloc: cuMemFree_v2 40 bytes
01/03/2022 11:42:36 add pending dealloc: cuMemFree_v2 6000 bytes
01/03/2022 11:42:36 add pending dealloc: module_unload ? bytes
01/03/2022 11:42:36 add pending dealloc: module_unload ? bytes
01/03/2022 11:42:36 add pending dealloc: module_unload ? bytes
01/03/2022 11:42:36 add pending dealloc: module_unload ? bytes
01/03/2022 11:42:36 add pending dealloc: module_unload ? bytes
01/03/2022 11:42:36 add pending dealloc: module_unload ? bytes
01/03/2022 11:42:36 add pending dealloc: cuMemFree_v2 1024 bytes
01/03/2022 11:42:36 add pending dealloc: cuMemFree_v2 6000 bytes
01/03/2022 11:42:36 add pending dealloc: cuMemFree_v2 50 bytes
01/03/2022 11:42:36 add pending dealloc: cuMemFree_v2 50 bytes
01/03/2022 11:42:36 add pending dealloc: cuMemFree_v2 20 bytes
01/03/2022 11:42:36 add pending dealloc: cuMemFree_v2 168000 bytes
01/03/2022 11:42:36 add pending dealloc: cuMemFree_v2 180000 bytes
