01/03/2022 05:39:25 init
01/03/2022 05:39:25 cuda:1
01/03/2022 05:39:25 k : 3
01/03/2022 05:39:25 size 300
01/03/2022 05:39:25 k : 3
01/03/2022 05:39:28 initPopGCP
01/03/2022 05:39:42 ############################
01/03/2022 05:39:42 Start TABU
01/03/2022 05:39:42 ############################
01/03/2022 05:39:45 Tabucol duration : 2.9344961643218994
01/03/2022 05:39:45 Epoch : 0
01/03/2022 05:39:45 Pop best : 6024_worst : 6151_avg : 6095.20087890625
01/03/2022 05:39:45 end tabu
01/03/2022 05:39:45 ############################
01/03/2022 05:39:45 Results TabuCol
01/03/2022 05:39:45 ############################
01/03/2022 05:39:45 Save best solution
01/03/2022 05:39:45 Keep best with diversity/fit tradeoff
01/03/2022 05:39:45 start matrix distance
01/03/2022 05:39:45 add pending dealloc: cuMemFree_v2 24576000 bytes
01/03/2022 05:40:38 Matrix distance duration : 53.076658725738525
01/03/2022 05:40:38 add pending dealloc: cuMemFree_v2 24576000 bytes
01/03/2022 05:40:38 end  matrix distance
01/03/2022 05:40:38 start insertion in pop
01/03/2022 05:40:47 len(idx_selected) 20480
01/03/2022 05:40:47 Nb insertion 20459
01/03/2022 05:41:00 Insertion in pop : 22.315706491470337
01/03/2022 05:41:00 end insertion in pop
01/03/2022 05:41:00 After keep best info
01/03/2022 05:41:00 Pop _best : 6024_worst : 9999_avg : 6099.252783203125
01/03/2022 05:41:00 [6024 6028 6031 ... 9999 9999 9999]
01/03/2022 05:41:03 Avg dist : 160.67599632598103 min dist : 30.0 max dist : 9999
01/03/2022 05:41:03 ############################
01/03/2022 05:41:03 start crossover
01/03/2022 05:41:03 ############################
01/03/2022 05:41:03 len(trainExamples) = 20480
01/03/2022 05:41:26 Start crossovers
01/03/2022 05:41:50 add pending dealloc: cuMemFree_v2 163840 bytes
01/03/2022 05:41:51 add pending dealloc: cuMemFree_v2 163840 bytes
01/03/2022 05:41:52 add pending dealloc: cuMemFree_v2 163840 bytes
01/03/2022 05:41:52 add pending dealloc: cuMemFree_v2 163840 bytes
01/03/2022 05:41:53 add pending dealloc: cuMemFree_v2 163840 bytes
01/03/2022 05:41:54 add pending dealloc: cuMemFree_v2 163840 bytes
01/03/2022 05:41:55 add pending dealloc: cuMemFree_v2 163840 bytes
01/03/2022 05:41:56 add pending dealloc: cuMemFree_v2 163840 bytes
01/03/2022 05:41:56 add pending dealloc: cuMemFree_v2 163840 bytes
01/03/2022 05:41:56 dealloc: cuMemFree_v2 24576000 bytes
01/03/2022 05:41:56 dealloc: cuMemFree_v2 24576000 bytes
01/03/2022 05:41:56 dealloc: cuMemFree_v2 163840 bytes
01/03/2022 05:41:56 dealloc: cuMemFree_v2 163840 bytes
01/03/2022 05:41:56 dealloc: cuMemFree_v2 163840 bytes
01/03/2022 05:41:56 dealloc: cuMemFree_v2 163840 bytes
01/03/2022 05:41:56 dealloc: cuMemFree_v2 163840 bytes
01/03/2022 05:41:56 dealloc: cuMemFree_v2 163840 bytes
01/03/2022 05:41:56 dealloc: cuMemFree_v2 163840 bytes
01/03/2022 05:41:56 dealloc: cuMemFree_v2 163840 bytes
01/03/2022 05:41:56 dealloc: cuMemFree_v2 163840 bytes
01/03/2022 05:41:57 add pending dealloc: cuMemFree_v2 163840 bytes
01/03/2022 05:41:58 add pending dealloc: cuMemFree_v2 163840 bytes
01/03/2022 05:41:59 add pending dealloc: cuMemFree_v2 163840 bytes
01/03/2022 05:42:00 add pending dealloc: cuMemFree_v2 163840 bytes
01/03/2022 05:42:00 add pending dealloc: cuMemFree_v2 163840 bytes
01/03/2022 05:42:01 add pending dealloc: cuMemFree_v2 163840 bytes
01/03/2022 05:42:02 best_expected_fit
01/03/2022 05:42:02 844.55029296875
01/03/2022 05:42:02 1299.108154296875
01/03/2022 05:42:02 1019.137065204978
01/03/2022 05:42:02 nb cross already tested in pop : 20480
01/03/2022 05:42:02 Crossover duration : 36.36803221702576
01/03/2022 05:42:02 generation duration : 140.60725808143616
01/03/2022 05:42:02 ############################
01/03/2022 05:42:02 Start TABU
01/03/2022 05:42:02 ############################
01/03/2022 05:42:04 Tabucol duration : 2.0243029594421387
01/03/2022 05:42:04 Epoch : 1
01/03/2022 05:42:04 Pop best : 6029_worst : 6150_avg : 6095.32060546875
01/03/2022 05:42:04 end tabu
01/03/2022 05:42:04 ############################
01/03/2022 05:42:04 Results TabuCol
01/03/2022 05:42:04 ############################
01/03/2022 05:42:04 Keep best with diversity/fit tradeoff
01/03/2022 05:42:04 start matrix distance
01/03/2022 05:42:04 add pending dealloc: cuMemFree_v2 24576000 bytes
01/03/2022 05:42:04 add pending dealloc: cuMemFree_v2 24576000 bytes
