01/03/2022 05:45:07 init
01/03/2022 05:45:07 cuda:2
01/03/2022 05:45:07 k : 47
01/03/2022 05:45:07 size 500
01/03/2022 05:45:07 k : 47
01/03/2022 05:45:10 initPopGCP
01/03/2022 05:45:21 ############################
01/03/2022 05:45:21 Start TABU
01/03/2022 05:45:21 ############################
01/03/2022 05:53:16 Tabucol duration : 474.49746227264404
01/03/2022 05:53:16 Epoch : 0
01/03/2022 05:53:16 Pop best : 15_worst : 42_avg : 30.22939453125
01/03/2022 05:53:16 end tabu
01/03/2022 05:53:16 ############################
01/03/2022 05:53:16 Results TabuCol
01/03/2022 05:53:16 ############################
01/03/2022 05:53:16 Save best solution
01/03/2022 05:53:16 Keep best with diversity/fit tradeoff
01/03/2022 05:53:16 start matrix distance
01/03/2022 05:53:16 add pending dealloc: cuMemFree_v2 40960000 bytes
01/03/2022 05:55:52 Matrix distance duration : 156.01491498947144
01/03/2022 05:55:52 add pending dealloc: cuMemFree_v2 40960000 bytes
01/03/2022 05:55:52 end  matrix distance
01/03/2022 05:55:52 start insertion in pop
01/03/2022 05:56:03 len(idx_selected) 20480
01/03/2022 05:56:03 Nb insertion 20480
01/03/2022 05:56:17 Insertion in pop : 24.683616399765015
01/03/2022 05:56:17 end insertion in pop
01/03/2022 05:56:17 After keep best info
01/03/2022 05:56:17 Pop _best : 15_worst : 42_avg : 30.22939453125
01/03/2022 05:56:17 [15 17 17 ... 41 41 42]
01/03/2022 05:56:19 Avg dist : 391.4939277115811 min dist : 330.0 max dist : 422
01/03/2022 05:56:19 ############################
01/03/2022 05:56:19 start crossover
01/03/2022 05:56:19 ############################
01/03/2022 05:56:19 len(trainExamples) = 20480
01/03/2022 05:57:47 Start crossovers
01/03/2022 05:58:17 add pending dealloc: cuMemFree_v2 163840 bytes
01/03/2022 05:58:23 add pending dealloc: cuMemFree_v2 163840 bytes
01/03/2022 05:58:29 add pending dealloc: cuMemFree_v2 163840 bytes
01/03/2022 05:58:35 add pending dealloc: cuMemFree_v2 163840 bytes
01/03/2022 05:58:41 add pending dealloc: cuMemFree_v2 163840 bytes
01/03/2022 05:58:47 add pending dealloc: cuMemFree_v2 163840 bytes
01/03/2022 05:58:53 add pending dealloc: cuMemFree_v2 163840 bytes
01/03/2022 05:58:59 add pending dealloc: cuMemFree_v2 163840 bytes
01/03/2022 05:59:04 add pending dealloc: cuMemFree_v2 163840 bytes
01/03/2022 05:59:04 dealloc: cuMemFree_v2 40960000 bytes
01/03/2022 05:59:04 dealloc: cuMemFree_v2 40960000 bytes
01/03/2022 05:59:04 dealloc: cuMemFree_v2 163840 bytes
01/03/2022 05:59:04 dealloc: cuMemFree_v2 163840 bytes
01/03/2022 05:59:04 dealloc: cuMemFree_v2 163840 bytes
01/03/2022 05:59:04 dealloc: cuMemFree_v2 163840 bytes
01/03/2022 05:59:04 dealloc: cuMemFree_v2 163840 bytes
01/03/2022 05:59:04 dealloc: cuMemFree_v2 163840 bytes
01/03/2022 05:59:04 dealloc: cuMemFree_v2 163840 bytes
01/03/2022 05:59:04 dealloc: cuMemFree_v2 163840 bytes
01/03/2022 05:59:04 dealloc: cuMemFree_v2 163840 bytes
01/03/2022 05:59:10 add pending dealloc: cuMemFree_v2 163840 bytes
01/03/2022 05:59:16 add pending dealloc: cuMemFree_v2 163840 bytes
01/03/2022 05:59:22 add pending dealloc: cuMemFree_v2 163840 bytes
01/03/2022 05:59:28 add pending dealloc: cuMemFree_v2 163840 bytes
01/03/2022 05:59:34 add pending dealloc: cuMemFree_v2 163840 bytes
01/03/2022 05:59:40 add pending dealloc: cuMemFree_v2 163840 bytes
01/03/2022 05:59:46 best_expected_fit
01/03/2022 05:59:46 23.402103424072266
01/03/2022 05:59:46 30.67319107055664
01/03/2022 05:59:46 27.54467786848545
01/03/2022 05:59:47 nb cross already tested in pop : 20480
01/03/2022 05:59:47 Crossover duration : 119.28168869018555
01/03/2022 05:59:47 generation duration : 865.1587514877319
01/03/2022 05:59:47 ############################
01/03/2022 05:59:47 Start TABU
01/03/2022 05:59:47 ############################
01/03/2022 06:08:00 Tabucol duration : 493.88361263275146
01/03/2022 06:08:00 Epoch : 1
01/03/2022 06:08:00 Pop best : 16_worst : 39_avg : 27.4193359375
01/03/2022 06:08:00 end tabu
01/03/2022 06:08:00 ############################
01/03/2022 06:08:00 Results TabuCol
01/03/2022 06:08:00 ############################
01/03/2022 06:08:00 Keep best with diversity/fit tradeoff
01/03/2022 06:08:00 start matrix distance
01/03/2022 06:08:00 add pending dealloc: cuMemFree_v2 40960000 bytes
01/03/2022 06:08:00 add pending dealloc: cuMemFree_v2 40960000 bytes
01/03/2022 06:10:35 Matrix distance duration : 154.77359008789062
01/03/2022 06:10:35 add pending dealloc: cuMemFree_v2 40960000 bytes
01/03/2022 06:10:35 end  matrix distance
01/03/2022 06:10:35 start insertion in pop
01/03/2022 06:10:49 len(idx_selected) 20480
01/03/2022 06:10:49 Nb insertion 13202
01/03/2022 06:11:02 Insertion in pop : 27.071122646331787
01/03/2022 06:11:02 end insertion in pop
01/03/2022 06:11:02 After keep best info
01/03/2022 06:11:02 Pop _best : 15_worst : 29_avg : 25.963525390625
01/03/2022 06:11:02 [15 16 16 ... 29 29 29]
01/03/2022 06:11:05 Avg dist : 389.50646764864314 min dist : 241.0 max dist : 420
01/03/2022 06:11:05 ############################
01/03/2022 06:11:05 start crossover
01/03/2022 06:11:05 ############################
01/03/2022 06:11:05 len(trainExamples) = 20480
01/03/2022 06:12:33 Start crossovers
01/03/2022 06:12:33 add pending dealloc: cuMemFree_v2 40960000 bytes
01/03/2022 06:12:53 add pending dealloc: cuMemFree_v2 163840 bytes
01/03/2022 06:12:53 dealloc: cuMemFree_v2 163840 bytes
01/03/2022 06:12:53 dealloc: cuMemFree_v2 163840 bytes
01/03/2022 06:12:53 dealloc: cuMemFree_v2 163840 bytes
01/03/2022 06:12:53 dealloc: cuMemFree_v2 163840 bytes
01/03/2022 06:12:53 dealloc: cuMemFree_v2 163840 bytes
01/03/2022 06:12:53 dealloc: cuMemFree_v2 163840 bytes
01/03/2022 06:12:53 dealloc: cuMemFree_v2 40960000 bytes
01/03/2022 06:12:53 dealloc: cuMemFree_v2 40960000 bytes
01/03/2022 06:12:53 dealloc: cuMemFree_v2 40960000 bytes
01/03/2022 06:12:53 dealloc: cuMemFree_v2 40960000 bytes
01/03/2022 06:12:53 dealloc: cuMemFree_v2 163840 bytes
01/03/2022 06:12:59 add pending dealloc: cuMemFree_v2 163840 bytes
01/03/2022 06:13:05 add pending dealloc: cuMemFree_v2 163840 bytes
01/03/2022 06:13:11 add pending dealloc: cuMemFree_v2 163840 bytes
01/03/2022 06:13:17 add pending dealloc: cuMemFree_v2 163840 bytes
01/03/2022 06:13:24 add pending dealloc: cuMemFree_v2 163840 bytes
01/03/2022 06:13:30 add pending dealloc: cuMemFree_v2 163840 bytes
01/03/2022 06:13:35 add pending dealloc: cuMemFree_v2 163840 bytes
01/03/2022 06:13:41 add pending dealloc: cuMemFree_v2 163840 bytes
01/03/2022 06:13:47 add pending dealloc: cuMemFree_v2 163840 bytes
01/03/2022 06:13:53 add pending dealloc: cuMemFree_v2 163840 bytes
01/03/2022 06:13:59 add pending dealloc: cuMemFree_v2 163840 bytes
01/03/2022 06:13:59 dealloc: cuMemFree_v2 163840 bytes
01/03/2022 06:13:59 dealloc: cuMemFree_v2 163840 bytes
01/03/2022 06:13:59 dealloc: cuMemFree_v2 163840 bytes
01/03/2022 06:13:59 dealloc: cuMemFree_v2 163840 bytes
01/03/2022 06:13:59 dealloc: cuMemFree_v2 163840 bytes
01/03/2022 06:13:59 dealloc: cuMemFree_v2 163840 bytes
01/03/2022 06:13:59 dealloc: cuMemFree_v2 163840 bytes
01/03/2022 06:13:59 dealloc: cuMemFree_v2 163840 bytes
01/03/2022 06:13:59 dealloc: cuMemFree_v2 163840 bytes
01/03/2022 06:13:59 dealloc: cuMemFree_v2 163840 bytes
01/03/2022 06:13:59 dealloc: cuMemFree_v2 163840 bytes
01/03/2022 06:14:05 add pending dealloc: cuMemFree_v2 163840 bytes
01/03/2022 06:14:11 add pending dealloc: cuMemFree_v2 163840 bytes
01/03/2022 06:14:17 add pending dealloc: cuMemFree_v2 163840 bytes
01/03/2022 06:14:23 add pending dealloc: cuMemFree_v2 163840 bytes
01/03/2022 06:14:29 best_expected_fit
01/03/2022 06:14:29 18.86469268798828
01/03/2022 06:14:29 31.53873062133789
01/03/2022 06:14:29 25.50487730707973
01/03/2022 06:14:29 nb cross already tested in pop : 24161
01/03/2022 06:14:29 Crossover duration : 116.93372941017151
01/03/2022 06:14:29 generation duration : 882.9270737171173
01/03/2022 06:14:29 ############################
01/03/2022 06:14:29 Start TABU
01/03/2022 06:14:29 ############################
01/03/2022 06:22:40 Tabucol duration : 490.7779653072357
01/03/2022 06:22:40 Epoch : 2
01/03/2022 06:22:40 Pop best : 10_worst : 38_avg : 25.30244140625
01/03/2022 06:22:40 end tabu
01/03/2022 06:22:40 ############################
01/03/2022 06:22:40 Results TabuCol
01/03/2022 06:22:40 ############################
01/03/2022 06:22:40 Save best solution
01/03/2022 06:22:40 Keep best with diversity/fit tradeoff
01/03/2022 06:22:40 start matrix distance
01/03/2022 06:22:40 add pending dealloc: cuMemFree_v2 40960000 bytes
01/03/2022 06:22:40 add pending dealloc: cuMemFree_v2 40960000 bytes
01/03/2022 06:25:15 Matrix distance duration : 154.406888961792
01/03/2022 06:25:15 add pending dealloc: cuMemFree_v2 40960000 bytes
01/03/2022 06:25:15 end  matrix distance
01/03/2022 06:25:15 start insertion in pop
01/03/2022 06:25:28 len(idx_selected) 20480
01/03/2022 06:25:28 Nb insertion 12697
01/03/2022 06:25:42 Insertion in pop : 27.14671492576599
01/03/2022 06:25:42 end insertion in pop
01/03/2022 06:25:42 After keep best info
01/03/2022 06:25:42 Pop _best : 10_worst : 26_avg : 23.34296875
01/03/2022 06:25:42 [10 12 13 ... 26 26 26]
01/03/2022 06:25:44 Avg dist : 386.3258570040499 min dist : 226.0 max dist : 421
01/03/2022 06:25:44 ############################
01/03/2022 06:25:44 start crossover
01/03/2022 06:25:44 ############################
01/03/2022 06:25:44 len(trainExamples) = 20480
01/03/2022 06:27:12 Start crossovers
01/03/2022 06:27:12 add pending dealloc: cuMemFree_v2 40960000 bytes
01/03/2022 06:27:33 add pending dealloc: cuMemFree_v2 163840 bytes
01/03/2022 06:27:39 add pending dealloc: cuMemFree_v2 163840 bytes
01/03/2022 06:27:45 add pending dealloc: cuMemFree_v2 163840 bytes
01/03/2022 06:27:45 dealloc: cuMemFree_v2 163840 bytes
01/03/2022 06:27:45 dealloc: cuMemFree_v2 163840 bytes
01/03/2022 06:27:45 dealloc: cuMemFree_v2 163840 bytes
01/03/2022 06:27:45 dealloc: cuMemFree_v2 163840 bytes
01/03/2022 06:27:45 dealloc: cuMemFree_v2 40960000 bytes
01/03/2022 06:27:45 dealloc: cuMemFree_v2 40960000 bytes
01/03/2022 06:27:45 dealloc: cuMemFree_v2 40960000 bytes
01/03/2022 06:27:45 dealloc: cuMemFree_v2 40960000 bytes
01/03/2022 06:27:45 dealloc: cuMemFree_v2 163840 bytes
01/03/2022 06:27:45 dealloc: cuMemFree_v2 163840 bytes
01/03/2022 06:27:45 dealloc: cuMemFree_v2 163840 bytes
01/03/2022 06:27:51 add pending dealloc: cuMemFree_v2 163840 bytes
01/03/2022 06:27:57 add pending dealloc: cuMemFree_v2 163840 bytes
01/03/2022 06:28:03 add pending dealloc: cuMemFree_v2 163840 bytes
01/03/2022 06:28:09 add pending dealloc: cuMemFree_v2 163840 bytes
01/03/2022 06:28:15 add pending dealloc: cuMemFree_v2 163840 bytes
01/03/2022 06:28:21 add pending dealloc: cuMemFree_v2 163840 bytes
01/03/2022 06:28:27 add pending dealloc: cuMemFree_v2 163840 bytes
01/03/2022 06:28:34 add pending dealloc: cuMemFree_v2 163840 bytes
01/03/2022 06:28:40 add pending dealloc: cuMemFree_v2 163840 bytes
01/03/2022 06:28:46 add pending dealloc: cuMemFree_v2 163840 bytes
01/03/2022 06:28:52 add pending dealloc: cuMemFree_v2 163840 bytes
01/03/2022 06:28:52 dealloc: cuMemFree_v2 163840 bytes
01/03/2022 06:28:52 dealloc: cuMemFree_v2 163840 bytes
01/03/2022 06:28:52 dealloc: cuMemFree_v2 163840 bytes
01/03/2022 06:28:52 dealloc: cuMemFree_v2 163840 bytes
01/03/2022 06:28:52 dealloc: cuMemFree_v2 163840 bytes
01/03/2022 06:28:52 dealloc: cuMemFree_v2 163840 bytes
01/03/2022 06:28:52 dealloc: cuMemFree_v2 163840 bytes
01/03/2022 06:28:52 dealloc: cuMemFree_v2 163840 bytes
01/03/2022 06:28:52 dealloc: cuMemFree_v2 163840 bytes
01/03/2022 06:28:52 dealloc: cuMemFree_v2 163840 bytes
01/03/2022 06:28:52 dealloc: cuMemFree_v2 163840 bytes
01/03/2022 06:28:58 add pending dealloc: cuMemFree_v2 163840 bytes
01/03/2022 06:29:04 add pending dealloc: cuMemFree_v2 163840 bytes
01/03/2022 06:29:10 best_expected_fit
01/03/2022 06:29:10 15.015251159667969
01/03/2022 06:29:10 27.997480392456055
01/03/2022 06:29:10 22.223531419364736
01/03/2022 06:29:10 nb cross already tested in pop : 25860
01/03/2022 06:29:10 Crossover duration : 118.50704264640808
01/03/2022 06:29:10 generation duration : 880.9563291072845
01/03/2022 06:29:10 ############################
01/03/2022 06:29:10 Start TABU
01/03/2022 06:29:10 ############################
01/03/2022 06:37:15 Tabucol duration : 484.9261474609375
01/03/2022 06:37:15 Epoch : 3
01/03/2022 06:37:15 Pop best : 10_worst : 36_avg : 23.41943359375
01/03/2022 06:37:15 end tabu
01/03/2022 06:37:15 ############################
01/03/2022 06:37:15 Results TabuCol
01/03/2022 06:37:15 ############################
01/03/2022 06:37:15 Keep best with diversity/fit tradeoff
01/03/2022 06:37:15 start matrix distance
01/03/2022 06:37:15 add pending dealloc: cuMemFree_v2 40960000 bytes
01/03/2022 06:37:15 add pending dealloc: cuMemFree_v2 40960000 bytes
01/03/2022 06:39:49 Matrix distance duration : 154.0956883430481
01/03/2022 06:39:49 add pending dealloc: cuMemFree_v2 40960000 bytes
01/03/2022 06:39:49 end  matrix distance
01/03/2022 06:39:49 start insertion in pop
01/03/2022 06:40:08 len(idx_selected) 20480
01/03/2022 06:40:08 Nb insertion 10715
01/03/2022 06:40:22 Insertion in pop : 32.442333936691284
01/03/2022 06:40:22 end insertion in pop
01/03/2022 06:40:22 After keep best info
01/03/2022 06:40:22 Pop _best : 10_worst : 24_avg : 21.172705078125
01/03/2022 06:40:22 [10 10 10 ... 24 24 24]
01/03/2022 06:40:25 Avg dist : 381.73435088516743 min dist : 201.0 max dist : 420
01/03/2022 06:40:25 ############################
01/03/2022 06:40:25 start crossover
01/03/2022 06:40:25 ############################
01/03/2022 06:40:25 len(trainExamples) = 20480
01/03/2022 06:41:53 Start crossovers
01/03/2022 06:41:53 add pending dealloc: cuMemFree_v2 40960000 bytes
01/03/2022 06:42:16 add pending dealloc: cuMemFree_v2 163840 bytes
01/03/2022 06:42:22 add pending dealloc: cuMemFree_v2 163840 bytes
01/03/2022 06:42:27 add pending dealloc: cuMemFree_v2 163840 bytes
01/03/2022 06:42:34 add pending dealloc: cuMemFree_v2 163840 bytes
01/03/2022 06:42:40 add pending dealloc: cuMemFree_v2 163840 bytes
01/03/2022 06:42:40 dealloc: cuMemFree_v2 163840 bytes
01/03/2022 06:42:40 dealloc: cuMemFree_v2 163840 bytes
01/03/2022 06:42:40 dealloc: cuMemFree_v2 40960000 bytes
01/03/2022 06:42:40 dealloc: cuMemFree_v2 40960000 bytes
01/03/2022 06:42:40 dealloc: cuMemFree_v2 40960000 bytes
01/03/2022 06:42:40 dealloc: cuMemFree_v2 40960000 bytes
01/03/2022 06:42:40 dealloc: cuMemFree_v2 163840 bytes
01/03/2022 06:42:40 dealloc: cuMemFree_v2 163840 bytes
01/03/2022 06:42:40 dealloc: cuMemFree_v2 163840 bytes
01/03/2022 06:42:40 dealloc: cuMemFree_v2 163840 bytes
01/03/2022 06:42:40 dealloc: cuMemFree_v2 163840 bytes
01/03/2022 06:42:45 add pending dealloc: cuMemFree_v2 163840 bytes
01/03/2022 06:42:51 add pending dealloc: cuMemFree_v2 163840 bytes
01/03/2022 06:42:58 add pending dealloc: cuMemFree_v2 163840 bytes
01/03/2022 06:43:03 add pending dealloc: cuMemFree_v2 163840 bytes
01/03/2022 06:43:09 add pending dealloc: cuMemFree_v2 163840 bytes
01/03/2022 06:43:15 add pending dealloc: cuMemFree_v2 163840 bytes
01/03/2022 06:43:21 add pending dealloc: cuMemFree_v2 163840 bytes
01/03/2022 06:43:27 add pending dealloc: cuMemFree_v2 163840 bytes
01/03/2022 06:43:33 add pending dealloc: cuMemFree_v2 163840 bytes
01/03/2022 06:43:39 add pending dealloc: cuMemFree_v2 163840 bytes
01/03/2022 06:43:44 add pending dealloc: cuMemFree_v2 163840 bytes
01/03/2022 06:43:44 dealloc: cuMemFree_v2 163840 bytes
01/03/2022 06:43:44 dealloc: cuMemFree_v2 163840 bytes
01/03/2022 06:43:44 dealloc: cuMemFree_v2 163840 bytes
01/03/2022 06:43:44 dealloc: cuMemFree_v2 163840 bytes
01/03/2022 06:43:44 dealloc: cuMemFree_v2 163840 bytes
01/03/2022 06:43:44 dealloc: cuMemFree_v2 163840 bytes
01/03/2022 06:43:44 dealloc: cuMemFree_v2 163840 bytes
01/03/2022 06:43:44 dealloc: cuMemFree_v2 163840 bytes
01/03/2022 06:43:44 dealloc: cuMemFree_v2 163840 bytes
01/03/2022 06:43:44 dealloc: cuMemFree_v2 163840 bytes
01/03/2022 06:43:44 dealloc: cuMemFree_v2 163840 bytes
01/03/2022 06:43:50 best_expected_fit
01/03/2022 06:43:50 12.403404235839844
01/03/2022 06:43:50 27.267765045166016
01/03/2022 06:43:50 20.36570650706999
01/03/2022 06:43:51 nb cross already tested in pop : 29151
01/03/2022 06:43:51 Crossover duration : 117.71839737892151
01/03/2022 06:43:51 generation duration : 880.0848753452301
01/03/2022 06:43:51 ############################
01/03/2022 06:43:51 Start TABU
01/03/2022 06:43:51 ############################
01/03/2022 06:51:51 Tabucol duration : 480.39176297187805
01/03/2022 06:51:51 Epoch : 4
01/03/2022 06:51:51 Pop best : 9_worst : 35_avg : 21.67060546875
01/03/2022 06:51:51 end tabu
01/03/2022 06:51:51 ############################
01/03/2022 06:51:51 Results TabuCol
01/03/2022 06:51:51 ############################
01/03/2022 06:51:51 Save best solution
01/03/2022 06:51:51 Keep best with diversity/fit tradeoff
01/03/2022 06:51:51 start matrix distance
01/03/2022 06:51:51 add pending dealloc: cuMemFree_v2 40960000 bytes
01/03/2022 06:51:51 add pending dealloc: cuMemFree_v2 40960000 bytes
01/03/2022 06:54:24 Matrix distance duration : 153.0110728740692
01/03/2022 06:54:24 add pending dealloc: cuMemFree_v2 40960000 bytes
01/03/2022 06:54:24 end  matrix distance
01/03/2022 06:54:24 start insertion in pop
01/03/2022 06:54:37 len(idx_selected) 20480
01/03/2022 06:54:37 Nb insertion 10204
01/03/2022 06:54:51 Insertion in pop : 26.88615846633911
01/03/2022 06:54:51 end insertion in pop
01/03/2022 06:54:51 After keep best info
01/03/2022 06:54:51 Pop _best : 9_worst : 22_avg : 19.282666015625
01/03/2022 06:54:51 [ 9 10 10 ... 22 22 22]
01/03/2022 06:54:53 Avg dist : 375.3003772061472 min dist : 169.0 max dist : 421
01/03/2022 06:54:53 ############################
01/03/2022 06:54:53 start crossover
01/03/2022 06:54:53 ############################
01/03/2022 06:54:53 len(trainExamples) = 20480
01/03/2022 06:56:20 Start crossovers
01/03/2022 06:56:20 add pending dealloc: cuMemFree_v2 40960000 bytes
01/03/2022 06:56:42 add pending dealloc: cuMemFree_v2 163840 bytes
01/03/2022 06:56:48 add pending dealloc: cuMemFree_v2 163840 bytes
01/03/2022 06:56:54 add pending dealloc: cuMemFree_v2 163840 bytes
01/03/2022 06:57:00 add pending dealloc: cuMemFree_v2 163840 bytes
01/03/2022 06:57:06 add pending dealloc: cuMemFree_v2 163840 bytes
01/03/2022 06:57:12 add pending dealloc: cuMemFree_v2 163840 bytes
01/03/2022 06:57:18 add pending dealloc: cuMemFree_v2 163840 bytes
01/03/2022 06:57:18 dealloc: cuMemFree_v2 40960000 bytes
01/03/2022 06:57:18 dealloc: cuMemFree_v2 40960000 bytes
01/03/2022 06:57:18 dealloc: cuMemFree_v2 40960000 bytes
01/03/2022 06:57:18 dealloc: cuMemFree_v2 40960000 bytes
01/03/2022 06:57:18 dealloc: cuMemFree_v2 163840 bytes
01/03/2022 06:57:18 dealloc: cuMemFree_v2 163840 bytes
01/03/2022 06:57:18 dealloc: cuMemFree_v2 163840 bytes
01/03/2022 06:57:18 dealloc: cuMemFree_v2 163840 bytes
01/03/2022 06:57:18 dealloc: cuMemFree_v2 163840 bytes
01/03/2022 06:57:18 dealloc: cuMemFree_v2 163840 bytes
01/03/2022 06:57:18 dealloc: cuMemFree_v2 163840 bytes
01/03/2022 06:57:24 add pending dealloc: cuMemFree_v2 163840 bytes
01/03/2022 06:57:30 add pending dealloc: cuMemFree_v2 163840 bytes
01/03/2022 06:57:36 add pending dealloc: cuMemFree_v2 163840 bytes
01/03/2022 06:57:42 add pending dealloc: cuMemFree_v2 163840 bytes
01/03/2022 06:57:48 add pending dealloc: cuMemFree_v2 163840 bytes
01/03/2022 06:57:54 add pending dealloc: cuMemFree_v2 163840 bytes
01/03/2022 06:57:59 add pending dealloc: cuMemFree_v2 163840 bytes
01/03/2022 06:58:05 add pending dealloc: cuMemFree_v2 163840 bytes
01/03/2022 06:58:11 add pending dealloc: cuMemFree_v2 163840 bytes
01/03/2022 06:58:17 best_expected_fit
01/03/2022 06:58:17 10.974123001098633
01/03/2022 06:58:17 26.354724884033203
01/03/2022 06:58:17 18.206380495755003
01/03/2022 06:58:18 nb cross already tested in pop : 30635
01/03/2022 06:58:18 Crossover duration : 117.62726211547852
01/03/2022 06:58:18 generation duration : 867.3170611858368
01/03/2022 06:58:18 ############################
01/03/2022 06:58:18 Start TABU
01/03/2022 06:58:18 ############################
01/03/2022 07:06:10 Tabucol duration : 471.7382106781006
01/03/2022 07:06:10 Epoch : 5
01/03/2022 07:06:10 Pop best : 7_worst : 34_avg : 20.063037109375
01/03/2022 07:06:10 end tabu
01/03/2022 07:06:10 ############################
01/03/2022 07:06:10 Results TabuCol
01/03/2022 07:06:10 ############################
01/03/2022 07:06:10 Save best solution
01/03/2022 07:06:10 Keep best with diversity/fit tradeoff
01/03/2022 07:06:10 start matrix distance
01/03/2022 07:06:10 add pending dealloc: cuMemFree_v2 40960000 bytes
01/03/2022 07:06:10 add pending dealloc: cuMemFree_v2 40960000 bytes
01/03/2022 07:06:10 dealloc: cuMemFree_v2 163840 bytes
01/03/2022 07:06:10 dealloc: cuMemFree_v2 163840 bytes
01/03/2022 07:06:10 dealloc: cuMemFree_v2 163840 bytes
01/03/2022 07:06:10 dealloc: cuMemFree_v2 163840 bytes
01/03/2022 07:06:10 dealloc: cuMemFree_v2 163840 bytes
01/03/2022 07:06:10 dealloc: cuMemFree_v2 163840 bytes
01/03/2022 07:06:10 dealloc: cuMemFree_v2 163840 bytes
01/03/2022 07:06:10 dealloc: cuMemFree_v2 163840 bytes
01/03/2022 07:06:10 dealloc: cuMemFree_v2 163840 bytes
01/03/2022 07:06:10 dealloc: cuMemFree_v2 40960000 bytes
01/03/2022 07:06:10 dealloc: cuMemFree_v2 40960000 bytes
01/03/2022 07:08:42 Matrix distance duration : 152.26292538642883
01/03/2022 07:08:42 add pending dealloc: cuMemFree_v2 40960000 bytes
01/03/2022 07:08:42 end  matrix distance
01/03/2022 07:08:42 start insertion in pop
01/03/2022 07:08:55 len(idx_selected) 20480
01/03/2022 07:08:55 Nb insertion 10387
01/03/2022 07:09:09 Insertion in pop : 26.883704900741577
01/03/2022 07:09:09 end insertion in pop
01/03/2022 07:09:09 After keep best info
01/03/2022 07:09:09 Pop _best : 7_worst : 20_avg : 17.59931640625
01/03/2022 07:09:09 [ 7  8  9 ... 20 20 20]
01/03/2022 07:09:11 Avg dist : 368.0197152322959 min dist : 155.0 max dist : 419
01/03/2022 07:09:11 ############################
01/03/2022 07:09:11 start crossover
01/03/2022 07:09:11 ############################
01/03/2022 07:09:11 len(trainExamples) = 20480
01/03/2022 07:10:38 Start crossovers
01/03/2022 07:10:38 add pending dealloc: cuMemFree_v2 40960000 bytes
01/03/2022 07:11:01 add pending dealloc: cuMemFree_v2 163840 bytes
01/03/2022 07:11:06 add pending dealloc: cuMemFree_v2 163840 bytes
01/03/2022 07:11:12 add pending dealloc: cuMemFree_v2 163840 bytes
01/03/2022 07:11:18 add pending dealloc: cuMemFree_v2 163840 bytes
01/03/2022 07:11:24 add pending dealloc: cuMemFree_v2 163840 bytes
01/03/2022 07:11:30 add pending dealloc: cuMemFree_v2 163840 bytes
01/03/2022 07:11:36 add pending dealloc: cuMemFree_v2 163840 bytes
01/03/2022 07:11:42 add pending dealloc: cuMemFree_v2 163840 bytes
01/03/2022 07:11:48 add pending dealloc: cuMemFree_v2 163840 bytes
01/03/2022 07:11:48 dealloc: cuMemFree_v2 40960000 bytes
01/03/2022 07:11:48 dealloc: cuMemFree_v2 40960000 bytes
01/03/2022 07:11:48 dealloc: cuMemFree_v2 163840 bytes
01/03/2022 07:11:48 dealloc: cuMemFree_v2 163840 bytes
01/03/2022 07:11:48 dealloc: cuMemFree_v2 163840 bytes
01/03/2022 07:11:48 dealloc: cuMemFree_v2 163840 bytes
01/03/2022 07:11:48 dealloc: cuMemFree_v2 163840 bytes
01/03/2022 07:11:48 dealloc: cuMemFree_v2 163840 bytes
01/03/2022 07:11:48 dealloc: cuMemFree_v2 163840 bytes
01/03/2022 07:11:48 dealloc: cuMemFree_v2 163840 bytes
01/03/2022 07:11:48 dealloc: cuMemFree_v2 163840 bytes
01/03/2022 07:11:54 add pending dealloc: cuMemFree_v2 163840 bytes
01/03/2022 07:12:00 add pending dealloc: cuMemFree_v2 163840 bytes
01/03/2022 07:12:06 add pending dealloc: cuMemFree_v2 163840 bytes
01/03/2022 07:12:12 add pending dealloc: cuMemFree_v2 163840 bytes
01/03/2022 07:12:18 add pending dealloc: cuMemFree_v2 163840 bytes
01/03/2022 07:12:24 add pending dealloc: cuMemFree_v2 163840 bytes
01/03/2022 07:12:30 add pending dealloc: cuMemFree_v2 163840 bytes
01/03/2022 07:12:36 best_expected_fit
01/03/2022 07:12:36 9.430203437805176
01/03/2022 07:12:36 26.364418029785156
01/03/2022 07:12:36 17.78742143525742
01/03/2022 07:12:36 nb cross already tested in pop : 30583
01/03/2022 07:12:36 Crossover duration : 118.15673589706421
01/03/2022 07:12:36 generation duration : 858.1996445655823
01/03/2022 07:12:36 ############################
01/03/2022 07:12:36 Start TABU
01/03/2022 07:12:36 ############################
01/03/2022 07:20:19 Tabucol duration : 463.0034816265106
01/03/2022 07:20:19 Epoch : 6
01/03/2022 07:20:19 Pop best : 7_worst : 32_avg : 18.533642578125
01/03/2022 07:20:19 end tabu
01/03/2022 07:20:19 ############################
01/03/2022 07:20:19 Results TabuCol
01/03/2022 07:20:19 ############################
01/03/2022 07:20:19 Keep best with diversity/fit tradeoff
01/03/2022 07:20:19 start matrix distance
01/03/2022 07:20:19 add pending dealloc: cuMemFree_v2 40960000 bytes
01/03/2022 07:20:19 add pending dealloc: cuMemFree_v2 40960000 bytes
01/03/2022 07:22:51 Matrix distance duration : 151.49756932258606
01/03/2022 07:22:51 add pending dealloc: cuMemFree_v2 40960000 bytes
01/03/2022 07:22:51 end  matrix distance
01/03/2022 07:22:51 start insertion in pop
01/03/2022 07:23:04 len(idx_selected) 20480
01/03/2022 07:23:04 Nb insertion 9420
01/03/2022 07:23:17 Insertion in pop : 26.605178594589233
01/03/2022 07:23:17 end insertion in pop
01/03/2022 07:23:17 After keep best info
01/03/2022 07:23:17 Pop _best : 7_worst : 18_avg : 16.041357421875
01/03/2022 07:23:17 [ 7  7  8 ... 18 18 18]
01/03/2022 07:23:20 Avg dist : 361.22477573253394 min dist : 129.0 max dist : 419
01/03/2022 07:23:20 ############################
01/03/2022 07:23:20 start crossover
01/03/2022 07:23:20 ############################
01/03/2022 07:23:20 len(trainExamples) = 20480
01/03/2022 07:24:46 Start crossovers
01/03/2022 07:24:46 add pending dealloc: cuMemFree_v2 40960000 bytes
01/03/2022 07:24:46 dealloc: cuMemFree_v2 163840 bytes
01/03/2022 07:24:46 dealloc: cuMemFree_v2 163840 bytes
01/03/2022 07:24:46 dealloc: cuMemFree_v2 163840 bytes
01/03/2022 07:24:46 dealloc: cuMemFree_v2 163840 bytes
01/03/2022 07:24:46 dealloc: cuMemFree_v2 163840 bytes
01/03/2022 07:24:46 dealloc: cuMemFree_v2 163840 bytes
01/03/2022 07:24:46 dealloc: cuMemFree_v2 163840 bytes
01/03/2022 07:24:46 dealloc: cuMemFree_v2 40960000 bytes
01/03/2022 07:24:46 dealloc: cuMemFree_v2 40960000 bytes
01/03/2022 07:24:46 dealloc: cuMemFree_v2 40960000 bytes
01/03/2022 07:24:46 dealloc: cuMemFree_v2 40960000 bytes
01/03/2022 07:25:09 add pending dealloc: cuMemFree_v2 163840 bytes
01/03/2022 07:25:15 add pending dealloc: cuMemFree_v2 163840 bytes
01/03/2022 07:25:21 add pending dealloc: cuMemFree_v2 163840 bytes
01/03/2022 07:25:27 add pending dealloc: cuMemFree_v2 163840 bytes
01/03/2022 07:25:33 add pending dealloc: cuMemFree_v2 163840 bytes
01/03/2022 07:25:39 add pending dealloc: cuMemFree_v2 163840 bytes
01/03/2022 07:25:45 add pending dealloc: cuMemFree_v2 163840 bytes
01/03/2022 07:25:50 add pending dealloc: cuMemFree_v2 163840 bytes
01/03/2022 07:25:56 add pending dealloc: cuMemFree_v2 163840 bytes
01/03/2022 07:26:02 add pending dealloc: cuMemFree_v2 163840 bytes
01/03/2022 07:26:08 add pending dealloc: cuMemFree_v2 163840 bytes
01/03/2022 07:26:08 dealloc: cuMemFree_v2 163840 bytes
01/03/2022 07:26:08 dealloc: cuMemFree_v2 163840 bytes
01/03/2022 07:26:08 dealloc: cuMemFree_v2 163840 bytes
01/03/2022 07:26:08 dealloc: cuMemFree_v2 163840 bytes
01/03/2022 07:26:08 dealloc: cuMemFree_v2 163840 bytes
01/03/2022 07:26:08 dealloc: cuMemFree_v2 163840 bytes
01/03/2022 07:26:08 dealloc: cuMemFree_v2 163840 bytes
01/03/2022 07:26:08 dealloc: cuMemFree_v2 163840 bytes
01/03/2022 07:26:08 dealloc: cuMemFree_v2 163840 bytes
01/03/2022 07:26:08 dealloc: cuMemFree_v2 163840 bytes
01/03/2022 07:26:08 dealloc: cuMemFree_v2 163840 bytes
01/03/2022 07:26:14 add pending dealloc: cuMemFree_v2 163840 bytes
01/03/2022 07:26:20 add pending dealloc: cuMemFree_v2 163840 bytes
01/03/2022 07:26:26 add pending dealloc: cuMemFree_v2 163840 bytes
01/03/2022 07:26:32 add pending dealloc: cuMemFree_v2 163840 bytes
01/03/2022 07:26:38 add pending dealloc: cuMemFree_v2 163840 bytes
01/03/2022 07:26:44 best_expected_fit
01/03/2022 07:26:44 8.431018829345703
01/03/2022 07:26:44 25.90012550354004
01/03/2022 07:26:44 16.619646375486628
01/03/2022 07:26:44 nb cross already tested in pop : 31978
01/03/2022 07:26:44 Crossover duration : 117.90500378608704
01/03/2022 07:26:44 generation duration : 848.0827322006226
01/03/2022 07:26:44 ############################
01/03/2022 07:26:44 Start TABU
01/03/2022 07:26:44 ############################
01/03/2022 07:34:26 Tabucol duration : 462.28803610801697
01/03/2022 07:34:26 Epoch : 7
01/03/2022 07:34:26 Pop best : 6_worst : 31_avg : 17.0216796875
01/03/2022 07:34:26 end tabu
01/03/2022 07:34:26 ############################
01/03/2022 07:34:26 Results TabuCol
01/03/2022 07:34:26 ############################
01/03/2022 07:34:26 Save best solution
01/03/2022 07:34:26 Keep best with diversity/fit tradeoff
01/03/2022 07:34:26 start matrix distance
01/03/2022 07:34:26 add pending dealloc: cuMemFree_v2 40960000 bytes
01/03/2022 07:34:26 add pending dealloc: cuMemFree_v2 40960000 bytes
01/03/2022 07:36:57 Matrix distance duration : 150.78921365737915
01/03/2022 07:36:57 add pending dealloc: cuMemFree_v2 40960000 bytes
01/03/2022 07:36:57 end  matrix distance
01/03/2022 07:36:57 start insertion in pop
01/03/2022 07:37:12 len(idx_selected) 20480
01/03/2022 07:37:12 Nb insertion 9337
01/03/2022 07:37:25 Insertion in pop : 27.76683235168457
01/03/2022 07:37:25 end insertion in pop
01/03/2022 07:37:25 After keep best info
01/03/2022 07:37:25 Pop _best : 6_worst : 17_avg : 14.54052734375
01/03/2022 07:37:25 [ 6  6  7 ... 17 17 17]
01/03/2022 07:37:27 Avg dist : 355.06700821001084 min dist : 96.0 max dist : 419
01/03/2022 07:37:27 ############################
01/03/2022 07:37:27 start crossover
01/03/2022 07:37:27 ############################
01/03/2022 07:37:28 len(trainExamples) = 20480
01/03/2022 07:38:55 Start crossovers
01/03/2022 07:38:55 add pending dealloc: cuMemFree_v2 40960000 bytes
01/03/2022 07:39:26 add pending dealloc: cuMemFree_v2 163840 bytes
01/03/2022 07:39:33 add pending dealloc: cuMemFree_v2 163840 bytes
01/03/2022 07:39:33 dealloc: cuMemFree_v2 163840 bytes
01/03/2022 07:39:33 dealloc: cuMemFree_v2 163840 bytes
01/03/2022 07:39:33 dealloc: cuMemFree_v2 163840 bytes
01/03/2022 07:39:33 dealloc: cuMemFree_v2 163840 bytes
01/03/2022 07:39:33 dealloc: cuMemFree_v2 163840 bytes
01/03/2022 07:39:33 dealloc: cuMemFree_v2 40960000 bytes
01/03/2022 07:39:33 dealloc: cuMemFree_v2 40960000 bytes
01/03/2022 07:39:33 dealloc: cuMemFree_v2 40960000 bytes
01/03/2022 07:39:33 dealloc: cuMemFree_v2 40960000 bytes
01/03/2022 07:39:33 dealloc: cuMemFree_v2 163840 bytes
01/03/2022 07:39:33 dealloc: cuMemFree_v2 163840 bytes
01/03/2022 07:39:39 add pending dealloc: cuMemFree_v2 163840 bytes
01/03/2022 07:39:45 add pending dealloc: cuMemFree_v2 163840 bytes
01/03/2022 07:39:51 add pending dealloc: cuMemFree_v2 163840 bytes
01/03/2022 07:39:57 add pending dealloc: cuMemFree_v2 163840 bytes
01/03/2022 07:40:02 add pending dealloc: cuMemFree_v2 163840 bytes
01/03/2022 07:40:08 add pending dealloc: cuMemFree_v2 163840 bytes
01/03/2022 07:40:14 add pending dealloc: cuMemFree_v2 163840 bytes
01/03/2022 07:40:20 add pending dealloc: cuMemFree_v2 163840 bytes
01/03/2022 07:40:26 add pending dealloc: cuMemFree_v2 163840 bytes
01/03/2022 07:40:32 add pending dealloc: cuMemFree_v2 163840 bytes
01/03/2022 07:40:38 add pending dealloc: cuMemFree_v2 163840 bytes
01/03/2022 07:40:38 dealloc: cuMemFree_v2 163840 bytes
01/03/2022 07:40:38 dealloc: cuMemFree_v2 163840 bytes
01/03/2022 07:40:38 dealloc: cuMemFree_v2 163840 bytes
01/03/2022 07:40:38 dealloc: cuMemFree_v2 163840 bytes
01/03/2022 07:40:38 dealloc: cuMemFree_v2 163840 bytes
01/03/2022 07:40:38 dealloc: cuMemFree_v2 163840 bytes
01/03/2022 07:40:38 dealloc: cuMemFree_v2 163840 bytes
01/03/2022 07:40:38 dealloc: cuMemFree_v2 163840 bytes
01/03/2022 07:40:38 dealloc: cuMemFree_v2 163840 bytes
01/03/2022 07:40:38 dealloc: cuMemFree_v2 163840 bytes
01/03/2022 07:40:38 dealloc: cuMemFree_v2 163840 bytes
01/03/2022 07:40:44 add pending dealloc: cuMemFree_v2 163840 bytes
01/03/2022 07:40:50 add pending dealloc: cuMemFree_v2 163840 bytes
01/03/2022 07:40:56 add pending dealloc: cuMemFree_v2 163840 bytes
01/03/2022 07:41:02 best_expected_fit
01/03/2022 07:41:02 6.980837821960449
01/03/2022 07:41:02 22.714902877807617
01/03/2022 07:41:02 14.352488877112046
01/03/2022 07:41:02 nb cross already tested in pop : 32916
01/03/2022 07:41:02 Crossover duration : 127.19772624969482
01/03/2022 07:41:02 generation duration : 858.2283818721771
01/03/2022 07:41:02 ############################
01/03/2022 07:41:02 Start TABU
01/03/2022 07:41:02 ############################
01/03/2022 07:48:33 Tabucol duration : 450.4228448867798
01/03/2022 07:48:33 Epoch : 8
01/03/2022 07:48:33 Pop best : 6_worst : 28_avg : 15.59404296875
01/03/2022 07:48:33 end tabu
01/03/2022 07:48:33 ############################
01/03/2022 07:48:33 Results TabuCol
01/03/2022 07:48:33 ############################
01/03/2022 07:48:33 Keep best with diversity/fit tradeoff
01/03/2022 07:48:33 start matrix distance
01/03/2022 07:48:33 add pending dealloc: cuMemFree_v2 40960000 bytes
01/03/2022 07:48:33 add pending dealloc: cuMemFree_v2 40960000 bytes
01/03/2022 07:51:03 Matrix distance duration : 150.20311570167542
01/03/2022 07:51:03 add pending dealloc: cuMemFree_v2 40960000 bytes
01/03/2022 07:51:03 end  matrix distance
01/03/2022 07:51:03 start insertion in pop
01/03/2022 07:51:16 len(idx_selected) 20480
01/03/2022 07:51:16 Nb insertion 9387
01/03/2022 07:51:30 Insertion in pop : 26.720877647399902
01/03/2022 07:51:30 end insertion in pop
01/03/2022 07:51:30 After keep best info
01/03/2022 07:51:30 Pop _best : 6_worst : 15_avg : 13.1720703125
01/03/2022 07:51:30 [ 6  6  6 ... 15 15 15]
01/03/2022 07:51:32 Avg dist : 348.8521742881046 min dist : 76.0 max dist : 418
01/03/2022 07:51:32 ############################
01/03/2022 07:51:32 start crossover
01/03/2022 07:51:32 ############################
01/03/2022 07:51:32 len(trainExamples) = 20480
01/03/2022 07:52:59 Start crossovers
01/03/2022 07:52:59 add pending dealloc: cuMemFree_v2 40960000 bytes
01/03/2022 07:53:22 add pending dealloc: cuMemFree_v2 163840 bytes
01/03/2022 07:53:28 add pending dealloc: cuMemFree_v2 163840 bytes
01/03/2022 07:53:34 add pending dealloc: cuMemFree_v2 163840 bytes
01/03/2022 07:53:40 add pending dealloc: cuMemFree_v2 163840 bytes
01/03/2022 07:53:40 dealloc: cuMemFree_v2 163840 bytes
01/03/2022 07:53:40 dealloc: cuMemFree_v2 163840 bytes
01/03/2022 07:53:40 dealloc: cuMemFree_v2 163840 bytes
01/03/2022 07:53:40 dealloc: cuMemFree_v2 40960000 bytes
01/03/2022 07:53:40 dealloc: cuMemFree_v2 40960000 bytes
01/03/2022 07:53:40 dealloc: cuMemFree_v2 40960000 bytes
01/03/2022 07:53:40 dealloc: cuMemFree_v2 40960000 bytes
01/03/2022 07:53:40 dealloc: cuMemFree_v2 163840 bytes
01/03/2022 07:53:40 dealloc: cuMemFree_v2 163840 bytes
01/03/2022 07:53:40 dealloc: cuMemFree_v2 163840 bytes
01/03/2022 07:53:40 dealloc: cuMemFree_v2 163840 bytes
01/03/2022 07:53:45 add pending dealloc: cuMemFree_v2 163840 bytes
01/03/2022 07:53:51 add pending dealloc: cuMemFree_v2 163840 bytes
01/03/2022 07:53:57 add pending dealloc: cuMemFree_v2 163840 bytes
01/03/2022 07:54:03 add pending dealloc: cuMemFree_v2 163840 bytes
01/03/2022 07:54:09 add pending dealloc: cuMemFree_v2 163840 bytes
01/03/2022 07:54:15 add pending dealloc: cuMemFree_v2 163840 bytes
01/03/2022 07:54:21 add pending dealloc: cuMemFree_v2 163840 bytes
01/03/2022 07:54:26 add pending dealloc: cuMemFree_v2 163840 bytes
01/03/2022 07:54:32 add pending dealloc: cuMemFree_v2 163840 bytes
01/03/2022 07:54:38 add pending dealloc: cuMemFree_v2 163840 bytes
01/03/2022 07:54:44 add pending dealloc: cuMemFree_v2 163840 bytes
01/03/2022 07:54:44 dealloc: cuMemFree_v2 163840 bytes
01/03/2022 07:54:44 dealloc: cuMemFree_v2 163840 bytes
01/03/2022 07:54:44 dealloc: cuMemFree_v2 163840 bytes
01/03/2022 07:54:44 dealloc: cuMemFree_v2 163840 bytes
01/03/2022 07:54:44 dealloc: cuMemFree_v2 163840 bytes
01/03/2022 07:54:44 dealloc: cuMemFree_v2 163840 bytes
01/03/2022 07:54:44 dealloc: cuMemFree_v2 163840 bytes
01/03/2022 07:54:44 dealloc: cuMemFree_v2 163840 bytes
01/03/2022 07:54:44 dealloc: cuMemFree_v2 163840 bytes
01/03/2022 07:54:44 dealloc: cuMemFree_v2 163840 bytes
01/03/2022 07:54:44 dealloc: cuMemFree_v2 163840 bytes
01/03/2022 07:54:50 add pending dealloc: cuMemFree_v2 163840 bytes
01/03/2022 07:54:56 best_expected_fit
01/03/2022 07:54:56 5.030588626861572
01/03/2022 07:54:56 21.35247039794922
01/03/2022 07:54:56 13.007578101567924
01/03/2022 07:54:56 nb cross already tested in pop : 33001
01/03/2022 07:54:56 Crossover duration : 117.04121971130371
01/03/2022 07:54:56 generation duration : 833.5634520053864
01/03/2022 07:54:56 ############################
01/03/2022 07:54:56 Start TABU
01/03/2022 07:54:56 ############################
01/03/2022 08:02:20 Tabucol duration : 443.9815683364868
01/03/2022 08:02:20 Epoch : 9
01/03/2022 08:02:20 Pop best : 4_worst : 28_avg : 14.183837890625
01/03/2022 08:02:20 end tabu
01/03/2022 08:02:20 ############################
01/03/2022 08:02:20 Results TabuCol
01/03/2022 08:02:20 ############################
01/03/2022 08:02:20 Save best solution
01/03/2022 08:02:20 Keep best with diversity/fit tradeoff
01/03/2022 08:02:20 start matrix distance
01/03/2022 08:02:20 add pending dealloc: cuMemFree_v2 40960000 bytes
01/03/2022 08:02:20 add pending dealloc: cuMemFree_v2 40960000 bytes
01/03/2022 08:04:50 Matrix distance duration : 149.68348121643066
01/03/2022 08:04:50 add pending dealloc: cuMemFree_v2 40960000 bytes
01/03/2022 08:04:50 end  matrix distance
01/03/2022 08:04:50 start insertion in pop
01/03/2022 08:05:03 len(idx_selected) 20480
01/03/2022 08:05:03 Nb insertion 10330
01/03/2022 08:05:16 Insertion in pop : 26.596802711486816
01/03/2022 08:05:16 end insertion in pop
01/03/2022 08:05:16 After keep best info
01/03/2022 08:05:16 Pop _best : 4_worst : 14_avg : 11.819140625
01/03/2022 08:05:16 [ 4  4  5 ... 14 14 14]
01/03/2022 08:05:19 Avg dist : 341.3342632811356 min dist : 65.0 max dist : 418
01/03/2022 08:05:19 ############################
01/03/2022 08:05:19 start crossover
01/03/2022 08:05:19 ############################
01/03/2022 08:05:19 len(trainExamples) = 20480
01/03/2022 08:06:45 Start crossovers
01/03/2022 08:06:45 add pending dealloc: cuMemFree_v2 40960000 bytes
01/03/2022 08:07:08 add pending dealloc: cuMemFree_v2 163840 bytes
01/03/2022 08:07:14 add pending dealloc: cuMemFree_v2 163840 bytes
01/03/2022 08:07:20 add pending dealloc: cuMemFree_v2 163840 bytes
01/03/2022 08:07:26 add pending dealloc: cuMemFree_v2 163840 bytes
01/03/2022 08:07:32 add pending dealloc: cuMemFree_v2 163840 bytes
01/03/2022 08:07:38 add pending dealloc: cuMemFree_v2 163840 bytes
01/03/2022 08:07:38 dealloc: cuMemFree_v2 163840 bytes
01/03/2022 08:07:38 dealloc: cuMemFree_v2 40960000 bytes
01/03/2022 08:07:38 dealloc: cuMemFree_v2 40960000 bytes
01/03/2022 08:07:38 dealloc: cuMemFree_v2 40960000 bytes
01/03/2022 08:07:38 dealloc: cuMemFree_v2 40960000 bytes
01/03/2022 08:07:38 dealloc: cuMemFree_v2 163840 bytes
01/03/2022 08:07:38 dealloc: cuMemFree_v2 163840 bytes
01/03/2022 08:07:38 dealloc: cuMemFree_v2 163840 bytes
01/03/2022 08:07:38 dealloc: cuMemFree_v2 163840 bytes
01/03/2022 08:07:38 dealloc: cuMemFree_v2 163840 bytes
01/03/2022 08:07:38 dealloc: cuMemFree_v2 163840 bytes
01/03/2022 08:07:43 add pending dealloc: cuMemFree_v2 163840 bytes
01/03/2022 08:07:49 add pending dealloc: cuMemFree_v2 163840 bytes
01/03/2022 08:07:55 add pending dealloc: cuMemFree_v2 163840 bytes
01/03/2022 08:08:01 add pending dealloc: cuMemFree_v2 163840 bytes
01/03/2022 08:08:07 add pending dealloc: cuMemFree_v2 163840 bytes
01/03/2022 08:08:13 add pending dealloc: cuMemFree_v2 163840 bytes
01/03/2022 08:08:19 add pending dealloc: cuMemFree_v2 163840 bytes
01/03/2022 08:08:25 add pending dealloc: cuMemFree_v2 163840 bytes
01/03/2022 08:08:31 add pending dealloc: cuMemFree_v2 163840 bytes
01/03/2022 08:08:37 add pending dealloc: cuMemFree_v2 163840 bytes
01/03/2022 08:08:43 best_expected_fit
01/03/2022 08:08:43 4.460375785827637
01/03/2022 08:08:43 20.210628509521484
01/03/2022 08:08:43 12.013987724785693
01/03/2022 08:08:43 nb cross already tested in pop : 31276
01/03/2022 08:08:43 Crossover duration : 117.97197675704956
01/03/2022 08:08:43 generation duration : 827.0567376613617
01/03/2022 08:08:43 ############################
01/03/2022 08:08:43 Start TABU
01/03/2022 08:08:43 ############################
